获取DB连接[postgresql+psycopg2://dom_test_dev:dom_test_dev@123@192.168.104.220:5432/dom_test].....
获取DB连接[postgresql+psycopg2://postgres:gc@127.0.0.1:5432/postgres].....
已经处理[1000]条[<class 'dao.models.DomElemeRestaurantInfo'>]数据
已经处理[2000]条[<class 'dao.models.DomElemeRestaurantInfo'>]数据
已经处理[3000]条[<class 'dao.models.DomElemeRestaurantInfo'>]数据
已经处理[4000]条[<class 'dao.models.DomElemeRestaurantInfo'>]数据
已经处理[5000]条[<class 'dao.models.DomElemeRestaurantInfo'>]数据
已经处理[6000]条[<class 'dao.models.DomElemeRestaurantInfo'>]数据
已经处理[7000]条[<class 'dao.models.DomElemeRestaurantInfo'>]数据
已经处理[8000]条[<class 'dao.models.DomElemeRestaurantInfo'>]数据
已经处理[9000]条[<class 'dao.models.DomElemeRestaurantInfo'>]数据
已经处理[10000]条[<class 'dao.models.DomElemeRestaurantInfo'>]数据
已经处理[11000]条[<class 'dao.models.DomElemeRestaurantInfo'>]数据
已经处理[12000]条[<class 'dao.models.DomElemeRestaurantInfo'>]数据
已经处理[13000]条[<class 'dao.models.DomElemeRestaurantInfo'>]数据
已经处理[14000]条[<class 'dao.models.DomElemeRestaurantInfo'>]数据
已经处理[15000]条[<class 'dao.models.DomElemeRestaurantInfo'>]数据
已经处理[16000]条[<class 'dao.models.DomElemeRestaurantInfo'>]数据
已经处理[17000]条[<class 'dao.models.DomElemeRestaurantInfo'>]数据
已经处理[18000]条[<class 'dao.models.DomElemeRestaurantInfo'>]数据
已经处理[19000]条[<class 'dao.models.DomElemeRestaurantInfo'>]数据
已经处理[20000]条[<class 'dao.models.DomElemeRestaurantInfo'>]数据
已经处理[21000]条[<class 'dao.models.DomElemeRestaurantInfo'>]数据
已经处理[22000]条[<class 'dao.models.DomElemeRestaurantInfo'>]数据
已经处理[23000]条[<class 'dao.models.DomElemeRestaurantInfo'>]数据
已经处理[24000]条[<class 'dao.models.DomElemeRestaurantInfo'>]数据
已经处理[25000]条[<class 'dao.models.DomElemeRestaurantInfo'>]数据
已经处理[26000]条[<class 'dao.models.DomElemeRestaurantInfo'>]数据
已经处理[27000]条[<class 'dao.models.DomElemeRestaurantInfo'>]数据
已经处理[28000]条[<class 'dao.models.DomElemeRestaurantInfo'>]数据
已经处理[29000]条[<class 'dao.models.DomElemeRestaurantInfo'>]数据
已经处理[30000]条[<class 'dao.models.DomElemeRestaurantInfo'>]数据
已经处理[31000]条[<class 'dao.models.DomElemeRestaurantInfo'>]数据
已经处理[32000]条[<class 'dao.models.DomElemeRestaurantInfo'>]数据
已经处理[33000]条[<class 'dao.models.DomElemeRestaurantInfo'>]数据
已经处理[34000]条[<class 'dao.models.DomElemeRestaurantInfo'>]数据
已经处理[35000]条[<class 'dao.models.DomElemeRestaurantInfo'>]数据
已经处理[36000]条[<class 'dao.models.DomElemeRestaurantInfo'>]数据
已经处理[37000]条[<class 'dao.models.DomElemeRestaurantInfo'>]数据
已经处理[38000]条[<class 'dao.models.DomElemeRestaurantInfo'>]数据
已经处理[39000]条[<class 'dao.models.DomElemeRestaurantInfo'>]数据
已经处理[40000]条[<class 'dao.models.DomElemeRestaurantInfo'>]数据
已经处理[41000]条[<class 'dao.models.DomElemeRestaurantInfo'>]数据
已经处理[42000]条[<class 'dao.models.DomElemeRestaurantInfo'>]数据
已经处理[43000]条[<class 'dao.models.DomElemeRestaurantInfo'>]数据
已经处理[44000]条[<class 'dao.models.DomElemeRestaurantInfo'>]数据
已经处理[45000]条[<class 'dao.models.DomElemeRestaurantInfo'>]数据
已经处理[46000]条[<class 'dao.models.DomElemeRestaurantInfo'>]数据
已经处理[47000]条[<class 'dao.models.DomElemeRestaurantInfo'>]数据
已经处理[48000]条[<class 'dao.models.DomElemeRestaurantInfo'>]数据
已经处理[49000]条[<class 'dao.models.DomElemeRestaurantInfo'>]数据
已经处理[50000]条[<class 'dao.models.DomElemeRestaurantInfo'>]数据
已经处理[51000]条[<class 'dao.models.DomElemeRestaurantInfo'>]数据
已经处理[52000]条[<class 'dao.models.DomElemeRestaurantInfo'>]数据
已经处理[53000]条[<class 'dao.models.DomElemeRestaurantInfo'>]数据
已经处理[54000]条[<class 'dao.models.DomElemeRestaurantInfo'>]数据
已经处理[55000]条[<class 'dao.models.DomElemeRestaurantInfo'>]数据
已经处理[56000]条[<class 'dao.models.DomElemeRestaurantInfo'>]数据
已经处理[57000]条[<class 'dao.models.DomElemeRestaurantInfo'>]数据
已经处理[58000]条[<class 'dao.models.DomElemeRestaurantInfo'>]数据
已经处理[59000]条[<class 'dao.models.DomElemeRestaurantInfo'>]数据
已经处理[60000]条[<class 'dao.models.DomElemeRestaurantInfo'>]数据
已经处理[61000]条[<class 'dao.models.DomElemeRestaurantInfo'>]数据
已经处理[62000]条[<class 'dao.models.DomElemeRestaurantInfo'>]数据
已经处理[63000]条[<class 'dao.models.DomElemeRestaurantInfo'>]数据
已经处理[64000]条[<class 'dao.models.DomElemeRestaurantInfo'>]数据
已经处理[65000]条[<class 'dao.models.DomElemeRestaurantInfo'>]数据
已经处理[66000]条[<class 'dao.models.DomElemeRestaurantInfo'>]数据
已经处理[67000]条[<class 'dao.models.DomElemeRestaurantInfo'>]数据
已经处理[68000]条[<class 'dao.models.DomElemeRestaurantInfo'>]数据
已经处理[69000]条[<class 'dao.models.DomElemeRestaurantInfo'>]数据
已经处理[70000]条[<class 'dao.models.DomElemeRestaurantInfo'>]数据
已经处理[71000]条[<class 'dao.models.DomElemeRestaurantInfo'>]数据
已经处理[72000]条[<class 'dao.models.DomElemeRestaurantInfo'>]数据
已经处理[73000]条[<class 'dao.models.DomElemeRestaurantInfo'>]数据
已经处理[74000]条[<class 'dao.models.DomElemeRestaurantInfo'>]数据
已经处理[75000]条[<class 'dao.models.DomElemeRestaurantInfo'>]数据
已经处理[76000]条[<class 'dao.models.DomElemeRestaurantInfo'>]数据
已经处理[77000]条[<class 'dao.models.DomElemeRestaurantInfo'>]数据
已经处理[78000]条[<class 'dao.models.DomElemeRestaurantInfo'>]数据
已经处理[79000]条[<class 'dao.models.DomElemeRestaurantInfo'>]数据
已经处理[80000]条[<class 'dao.models.DomElemeRestaurantInfo'>]数据
已经处理[81000]条[<class 'dao.models.DomElemeRestaurantInfo'>]数据
已经处理[82000]条[<class 'dao.models.DomElemeRestaurantInfo'>]数据
已经处理[83000]条[<class 'dao.models.DomElemeRestaurantInfo'>]数据
已经处理[84000]条[<class 'dao.models.DomElemeRestaurantInfo'>]数据
已经处理[85000]条[<class 'dao.models.DomElemeRestaurantInfo'>]数据
已经处理[86000]条[<class 'dao.models.DomElemeRestaurantInfo'>]数据
已经处理[87000]条[<class 'dao.models.DomElemeRestaurantInfo'>]数据
已经处理[88000]条[<class 'dao.models.DomElemeRestaurantInfo'>]数据
已经处理[89000]条[<class 'dao.models.DomElemeRestaurantInfo'>]数据
已经处理[90000]条[<class 'dao.models.DomElemeRestaurantInfo'>]数据
已经处理[91000]条[<class 'dao.models.DomElemeRestaurantInfo'>]数据
已经处理[92000]条[<class 'dao.models.DomElemeRestaurantInfo'>]数据
已经处理[93000]条[<class 'dao.models.DomElemeRestaurantInfo'>]数据
已经处理[94000]条[<class 'dao.models.DomElemeRestaurantInfo'>]数据
已经处理[95000]条[<class 'dao.models.DomElemeRestaurantInfo'>]数据
已经处理[96000]条[<class 'dao.models.DomElemeRestaurantInfo'>]数据
已经处理[97000]条[<class 'dao.models.DomElemeRestaurantInfo'>]数据
已经处理[98000]条[<class 'dao.models.DomElemeRestaurantInfo'>]数据
已经处理[99000]条[<class 'dao.models.DomElemeRestaurantInfo'>]数据
已经处理[100000]条[<class 'dao.models.DomElemeRestaurantInfo'>]数据
已经处理[101000]条[<class 'dao.models.DomElemeRestaurantInfo'>]数据
已经处理[102000]条[<class 'dao.models.DomElemeRestaurantInfo'>]数据
已经处理[103000]条[<class 'dao.models.DomElemeRestaurantInfo'>]数据
已经处理[104000]条[<class 'dao.models.DomElemeRestaurantInfo'>]数据
已经处理[105000]条[<class 'dao.models.DomElemeRestaurantInfo'>]数据
已经处理[106000]条[<class 'dao.models.DomElemeRestaurantInfo'>]数据
已经处理[107000]条[<class 'dao.models.DomElemeRestaurantInfo'>]数据
已经处理[108000]条[<class 'dao.models.DomElemeRestaurantInfo'>]数据
已经处理[109000]条[<class 'dao.models.DomElemeRestaurantInfo'>]数据
已经处理[110000]条[<class 'dao.models.DomElemeRestaurantInfo'>]数据
已经处理[111000]条[<class 'dao.models.DomElemeRestaurantInfo'>]数据
已经处理[112000]条[<class 'dao.models.DomElemeRestaurantInfo'>]数据
已经处理[113000]条[<class 'dao.models.DomElemeRestaurantInfo'>]数据
已经处理[114000]条[<class 'dao.models.DomElemeRestaurantInfo'>]数据
已经处理[115000]条[<class 'dao.models.DomElemeRestaurantInfo'>]数据
已经处理[116000]条[<class 'dao.models.DomElemeRestaurantInfo'>]数据
已经处理[117000]条[<class 'dao.models.DomElemeRestaurantInfo'>]数据
已经处理[118000]条[<class 'dao.models.DomElemeRestaurantInfo'>]数据
已经处理[119000]条[<class 'dao.models.DomElemeRestaurantInfo'>]数据
已经处理[120000]条[<class 'dao.models.DomElemeRestaurantInfo'>]数据
已经处理[121000]条[<class 'dao.models.DomElemeRestaurantInfo'>]数据
已经处理[122000]条[<class 'dao.models.DomElemeRestaurantInfo'>]数据
已经处理[123000]条[<class 'dao.models.DomElemeRestaurantInfo'>]数据
已经处理[124000]条[<class 'dao.models.DomElemeRestaurantInfo'>]数据
已经处理[125000]条[<class 'dao.models.DomElemeRestaurantInfo'>]数据
已经处理[126000]条[<class 'dao.models.DomElemeRestaurantInfo'>]数据
已经处理[127000]条[<class 'dao.models.DomElemeRestaurantInfo'>]数据
已经处理[128000]条[<class 'dao.models.DomElemeRestaurantInfo'>]数据
已经处理[129000]条[<class 'dao.models.DomElemeRestaurantInfo'>]数据
已经处理[130000]条[<class 'dao.models.DomElemeRestaurantInfo'>]数据
已经处理[131000]条[<class 'dao.models.DomElemeRestaurantInfo'>]数据
已经处理[132000]条[<class 'dao.models.DomElemeRestaurantInfo'>]数据
已经处理[133000]条[<class 'dao.models.DomElemeRestaurantInfo'>]数据
已经处理[134000]条[<class 'dao.models.DomElemeRestaurantInfo'>]数据
已经处理[135000]条[<class 'dao.models.DomElemeRestaurantInfo'>]数据
已经处理[136000]条[<class 'dao.models.DomElemeRestaurantInfo'>]数据
已经处理[137000]条[<class 'dao.models.DomElemeRestaurantInfo'>]数据
已经处理[138000]条[<class 'dao.models.DomElemeRestaurantInfo'>]数据
已经处理[139000]条[<class 'dao.models.DomElemeRestaurantInfo'>]数据
已经处理[140000]条[<class 'dao.models.DomElemeRestaurantInfo'>]数据
已经处理[141000]条[<class 'dao.models.DomElemeRestaurantInfo'>]数据
已经处理[142000]条[<class 'dao.models.DomElemeRestaurantInfo'>]数据
已经处理[143000]条[<class 'dao.models.DomElemeRestaurantInfo'>]数据
已经处理[144000]条[<class 'dao.models.DomElemeRestaurantInfo'>]数据
已经处理[145000]条[<class 'dao.models.DomElemeRestaurantInfo'>]数据
已经处理[146000]条[<class 'dao.models.DomElemeRestaurantInfo'>]数据
已经处理[147000]条[<class 'dao.models.DomElemeRestaurantInfo'>]数据
已经处理[148000]条[<class 'dao.models.DomElemeRestaurantInfo'>]数据
已经处理[149000]条[<class 'dao.models.DomElemeRestaurantInfo'>]数据
已经处理[150000]条[<class 'dao.models.DomElemeRestaurantInfo'>]数据
已经处理[151000]条[<class 'dao.models.DomElemeRestaurantInfo'>]数据
已经处理[152000]条[<class 'dao.models.DomElemeRestaurantInfo'>]数据
已经处理[153000]条[<class 'dao.models.DomElemeRestaurantInfo'>]数据
已经处理[154000]条[<class 'dao.models.DomElemeRestaurantInfo'>]数据
已经处理[155000]条[<class 'dao.models.DomElemeRestaurantInfo'>]数据
已经处理[156000]条[<class 'dao.models.DomElemeRestaurantInfo'>]数据
已经处理[157000]条[<class 'dao.models.DomElemeRestaurantInfo'>]数据
已经处理[158000]条[<class 'dao.models.DomElemeRestaurantInfo'>]数据
已经处理[159000]条[<class 'dao.models.DomElemeRestaurantInfo'>]数据
已经处理[160000]条[<class 'dao.models.DomElemeRestaurantInfo'>]数据
已经处理[161000]条[<class 'dao.models.DomElemeRestaurantInfo'>]数据
已经处理[162000]条[<class 'dao.models.DomElemeRestaurantInfo'>]数据
已经处理[163000]条[<class 'dao.models.DomElemeRestaurantInfo'>]数据
已经处理[164000]条[<class 'dao.models.DomElemeRestaurantInfo'>]数据
已经处理[165000]条[<class 'dao.models.DomElemeRestaurantInfo'>]数据
已经处理[166000]条[<class 'dao.models.DomElemeRestaurantInfo'>]数据
已经处理[167000]条[<class 'dao.models.DomElemeRestaurantInfo'>]数据
已经处理[168000]条[<class 'dao.models.DomElemeRestaurantInfo'>]数据
已经处理[169000]条[<class 'dao.models.DomElemeRestaurantInfo'>]数据
已经处理[170000]条[<class 'dao.models.DomElemeRestaurantInfo'>]数据
已经处理[171000]条[<class 'dao.models.DomElemeRestaurantInfo'>]数据
已经处理[172000]条[<class 'dao.models.DomElemeRestaurantInfo'>]数据
已经处理[173000]条[<class 'dao.models.DomElemeRestaurantInfo'>]数据
已经处理[174000]条[<class 'dao.models.DomElemeRestaurantInfo'>]数据
已经处理[175000]条[<class 'dao.models.DomElemeRestaurantInfo'>]数据
已经处理[176000]条[<class 'dao.models.DomElemeRestaurantInfo'>]数据
已经处理[177000]条[<class 'dao.models.DomElemeRestaurantInfo'>]数据
已经处理[178000]条[<class 'dao.models.DomElemeRestaurantInfo'>]数据
已经处理[179000]条[<class 'dao.models.DomElemeRestaurantInfo'>]数据
已经处理[180000]条[<class 'dao.models.DomElemeRestaurantInfo'>]数据
已经处理[181000]条[<class 'dao.models.DomElemeRestaurantInfo'>]数据
已经处理[182000]条[<class 'dao.models.DomElemeRestaurantInfo'>]数据
已经处理[183000]条[<class 'dao.models.DomElemeRestaurantInfo'>]数据
已经处理[184000]条[<class 'dao.models.DomElemeRestaurantInfo'>]数据
已经处理[185000]条[<class 'dao.models.DomElemeRestaurantInfo'>]数据
已经处理[186000]条[<class 'dao.models.DomElemeRestaurantInfo'>]数据
已经处理[187000]条[<class 'dao.models.DomElemeRestaurantInfo'>]数据
已经处理[188000]条[<class 'dao.models.DomElemeRestaurantInfo'>]数据
已经处理[189000]条[<class 'dao.models.DomElemeRestaurantInfo'>]数据
已经处理[190000]条[<class 'dao.models.DomElemeRestaurantInfo'>]数据
已经处理[191000]条[<class 'dao.models.DomElemeRestaurantInfo'>]数据
已经处理[192000]条[<class 'dao.models.DomElemeRestaurantInfo'>]数据
已经处理[193000]条[<class 'dao.models.DomElemeRestaurantInfo'>]数据
已经处理[194000]条[<class 'dao.models.DomElemeRestaurantInfo'>]数据
已经处理[195000]条[<class 'dao.models.DomElemeRestaurantInfo'>]数据
已经处理[196000]条[<class 'dao.models.DomElemeRestaurantInfo'>]数据
已经处理[197000]条[<class 'dao.models.DomElemeRestaurantInfo'>]数据
已经处理[198000]条[<class 'dao.models.DomElemeRestaurantInfo'>]数据
已经处理[199000]条[<class 'dao.models.DomElemeRestaurantInfo'>]数据
已经处理[200000]条[<class 'dao.models.DomElemeRestaurantInfo'>]数据
已经处理[201000]条[<class 'dao.models.DomElemeRestaurantInfo'>]数据
已经处理[202000]条[<class 'dao.models.DomElemeRestaurantInfo'>]数据
已经处理[203000]条[<class 'dao.models.DomElemeRestaurantInfo'>]数据
已经处理[204000]条[<class 'dao.models.DomElemeRestaurantInfo'>]数据
已经处理[205000]条[<class 'dao.models.DomElemeRestaurantInfo'>]数据
已经处理[206000]条[<class 'dao.models.DomElemeRestaurantInfo'>]数据
已经处理[207000]条[<class 'dao.models.DomElemeRestaurantInfo'>]数据
已经处理[208000]条[<class 'dao.models.DomElemeRestaurantInfo'>]数据
已经处理[209000]条[<class 'dao.models.DomElemeRestaurantInfo'>]数据
已经处理[210000]条[<class 'dao.models.DomElemeRestaurantInfo'>]数据
已经处理[211000]条[<class 'dao.models.DomElemeRestaurantInfo'>]数据
已经处理[212000]条[<class 'dao.models.DomElemeRestaurantInfo'>]数据
已经处理[213000]条[<class 'dao.models.DomElemeRestaurantInfo'>]数据
已经处理[214000]条[<class 'dao.models.DomElemeRestaurantInfo'>]数据
已经处理[215000]条[<class 'dao.models.DomElemeRestaurantInfo'>]数据
已经处理[216000]条[<class 'dao.models.DomElemeRestaurantInfo'>]数据
已经处理[217000]条[<class 'dao.models.DomElemeRestaurantInfo'>]数据
已经处理[218000]条[<class 'dao.models.DomElemeRestaurantInfo'>]数据
已经处理[219000]条[<class 'dao.models.DomElemeRestaurantInfo'>]数据
已经处理[220000]条[<class 'dao.models.DomElemeRestaurantInfo'>]数据
已经处理[221000]条[<class 'dao.models.DomElemeRestaurantInfo'>]数据
已经处理[222000]条[<class 'dao.models.DomElemeRestaurantInfo'>]数据
已经处理[223000]条[<class 'dao.models.DomElemeRestaurantInfo'>]数据
已经处理[224000]条[<class 'dao.models.DomElemeRestaurantInfo'>]数据
已经处理[225000]条[<class 'dao.models.DomElemeRestaurantInfo'>]数据
已经处理[226000]条[<class 'dao.models.DomElemeRestaurantInfo'>]数据
已经处理[227000]条[<class 'dao.models.DomElemeRestaurantInfo'>]数据
已经处理[228000]条[<class 'dao.models.DomElemeRestaurantInfo'>]数据
已经处理[229000]条[<class 'dao.models.DomElemeRestaurantInfo'>]数据
已经处理[230000]条[<class 'dao.models.DomElemeRestaurantInfo'>]数据
已经处理[231000]条[<class 'dao.models.DomElemeRestaurantInfo'>]数据
已经处理[232000]条[<class 'dao.models.DomElemeRestaurantInfo'>]数据
已经处理[233000]条[<class 'dao.models.DomElemeRestaurantInfo'>]数据
已经处理[234000]条[<class 'dao.models.DomElemeRestaurantInfo'>]数据
已经处理[235000]条[<class 'dao.models.DomElemeRestaurantInfo'>]数据
已经处理[236000]条[<class 'dao.models.DomElemeRestaurantInfo'>]数据
已经处理[237000]条[<class 'dao.models.DomElemeRestaurantInfo'>]数据
已经处理[238000]条[<class 'dao.models.DomElemeRestaurantInfo'>]数据
已经处理[239000]条[<class 'dao.models.DomElemeRestaurantInfo'>]数据
已经处理[240000]条[<class 'dao.models.DomElemeRestaurantInfo'>]数据
已经处理[241000]条[<class 'dao.models.DomElemeRestaurantInfo'>]数据
已经处理[242000]条[<class 'dao.models.DomElemeRestaurantInfo'>]数据
已经处理[243000]条[<class 'dao.models.DomElemeRestaurantInfo'>]数据
已经处理[244000]条[<class 'dao.models.DomElemeRestaurantInfo'>]数据
已经处理[245000]条[<class 'dao.models.DomElemeRestaurantInfo'>]数据
已经处理[246000]条[<class 'dao.models.DomElemeRestaurantInfo'>]数据
已经处理[247000]条[<class 'dao.models.DomElemeRestaurantInfo'>]数据
已经处理[248000]条[<class 'dao.models.DomElemeRestaurantInfo'>]数据
已经处理[249000]条[<class 'dao.models.DomElemeRestaurantInfo'>]数据
已经处理[250000]条[<class 'dao.models.DomElemeRestaurantInfo'>]数据
已经处理[251000]条[<class 'dao.models.DomElemeRestaurantInfo'>]数据
已经处理[252000]条[<class 'dao.models.DomElemeRestaurantInfo'>]数据
已经处理[253000]条[<class 'dao.models.DomElemeRestaurantInfo'>]数据
已经处理[254000]条[<class 'dao.models.DomElemeRestaurantInfo'>]数据
已经处理[255000]条[<class 'dao.models.DomElemeRestaurantInfo'>]数据
已经处理[256000]条[<class 'dao.models.DomElemeRestaurantInfo'>]数据
已经处理[257000]条[<class 'dao.models.DomElemeRestaurantInfo'>]数据
已经处理[258000]条[<class 'dao.models.DomElemeRestaurantInfo'>]数据
已经处理[259000]条[<class 'dao.models.DomElemeRestaurantInfo'>]数据
已经处理[260000]条[<class 'dao.models.DomElemeRestaurantInfo'>]数据
已经处理[261000]条[<class 'dao.models.DomElemeRestaurantInfo'>]数据
已经处理[262000]条[<class 'dao.models.DomElemeRestaurantInfo'>]数据
已经处理[263000]条[<class 'dao.models.DomElemeRestaurantInfo'>]数据
已经处理[264000]条[<class 'dao.models.DomElemeRestaurantInfo'>]数据
已经处理[265000]条[<class 'dao.models.DomElemeRestaurantInfo'>]数据
已经处理[266000]条[<class 'dao.models.DomElemeRestaurantInfo'>]数据
已经处理[267000]条[<class 'dao.models.DomElemeRestaurantInfo'>]数据
已经处理[268000]条[<class 'dao.models.DomElemeRestaurantInfo'>]数据
已经处理[269000]条[<class 'dao.models.DomElemeRestaurantInfo'>]数据
已经处理[270000]条[<class 'dao.models.DomElemeRestaurantInfo'>]数据
已经处理[271000]条[<class 'dao.models.DomElemeRestaurantInfo'>]数据
已经处理[272000]条[<class 'dao.models.DomElemeRestaurantInfo'>]数据
已经处理[273000]条[<class 'dao.models.DomElemeRestaurantInfo'>]数据
已经处理[274000]条[<class 'dao.models.DomElemeRestaurantInfo'>]数据
已经处理[275000]条[<class 'dao.models.DomElemeRestaurantInfo'>]数据
已经处理[276000]条[<class 'dao.models.DomElemeRestaurantInfo'>]数据
已经处理[277000]条[<class 'dao.models.DomElemeRestaurantInfo'>]数据
已经处理[278000]条[<class 'dao.models.DomElemeRestaurantInfo'>]数据
已经处理[279000]条[<class 'dao.models.DomElemeRestaurantInfo'>]数据
已经处理[280000]条[<class 'dao.models.DomElemeRestaurantInfo'>]数据
已经处理[281000]条[<class 'dao.models.DomElemeRestaurantInfo'>]数据
已经处理[282000]条[<class 'dao.models.DomElemeRestaurantInfo'>]数据
已经处理[283000]条[<class 'dao.models.DomElemeRestaurantInfo'>]数据
已经处理[284000]条[<class 'dao.models.DomElemeRestaurantInfo'>]数据
已经处理[285000]条[<class 'dao.models.DomElemeRestaurantInfo'>]数据
已经处理[286000]条[<class 'dao.models.DomElemeRestaurantInfo'>]数据
已经处理[287000]条[<class 'dao.models.DomElemeRestaurantInfo'>]数据
已经处理[288000]条[<class 'dao.models.DomElemeRestaurantInfo'>]数据
已经处理[289000]条[<class 'dao.models.DomElemeRestaurantInfo'>]数据
已经处理[290000]条[<class 'dao.models.DomElemeRestaurantInfo'>]数据
已经处理[291000]条[<class 'dao.models.DomElemeRestaurantInfo'>]数据
已经处理[292000]条[<class 'dao.models.DomElemeRestaurantInfo'>]数据
已经处理[293000]条[<class 'dao.models.DomElemeRestaurantInfo'>]数据
已经处理[294000]条[<class 'dao.models.DomElemeRestaurantInfo'>]数据
已经处理[295000]条[<class 'dao.models.DomElemeRestaurantInfo'>]数据
已经处理[296000]条[<class 'dao.models.DomElemeRestaurantInfo'>]数据
已经处理[297000]条[<class 'dao.models.DomElemeRestaurantInfo'>]数据
已经处理[298000]条[<class 'dao.models.DomElemeRestaurantInfo'>]数据
已经处理[299000]条[<class 'dao.models.DomElemeRestaurantInfo'>]数据
已经处理[300000]条[<class 'dao.models.DomElemeRestaurantInfo'>]数据
已经处理所有[<class 'dao.models.DomElemeRestaurantInfo'>]数据共[300003]条
已经处理[1000]条[<class 'dao.models.DomBaiduRestairamtInfo'>]数据
已经处理[2000]条[<class 'dao.models.DomBaiduRestairamtInfo'>]数据
已经处理[3000]条[<class 'dao.models.DomBaiduRestairamtInfo'>]数据
已经处理[4000]条[<class 'dao.models.DomBaiduRestairamtInfo'>]数据
已经处理[5000]条[<class 'dao.models.DomBaiduRestairamtInfo'>]数据
已经处理[6000]条[<class 'dao.models.DomBaiduRestairamtInfo'>]数据
已经处理[7000]条[<class 'dao.models.DomBaiduRestairamtInfo'>]数据
已经处理[8000]条[<class 'dao.models.DomBaiduRestairamtInfo'>]数据
已经处理[9000]条[<class 'dao.models.DomBaiduRestairamtInfo'>]数据
已经处理[10000]条[<class 'dao.models.DomBaiduRestairamtInfo'>]数据
已经处理[11000]条[<class 'dao.models.DomBaiduRestairamtInfo'>]数据
已经处理[12000]条[<class 'dao.models.DomBaiduRestairamtInfo'>]数据
已经处理[13000]条[<class 'dao.models.DomBaiduRestairamtInfo'>]数据
已经处理[14000]条[<class 'dao.models.DomBaiduRestairamtInfo'>]数据
已经处理[15000]条[<class 'dao.models.DomBaiduRestairamtInfo'>]数据
已经处理[16000]条[<class 'dao.models.DomBaiduRestairamtInfo'>]数据
已经处理[17000]条[<class 'dao.models.DomBaiduRestairamtInfo'>]数据
已经处理[18000]条[<class 'dao.models.DomBaiduRestairamtInfo'>]数据
已经处理[19000]条[<class 'dao.models.DomBaiduRestairamtInfo'>]数据
已经处理[20000]条[<class 'dao.models.DomBaiduRestairamtInfo'>]数据
已经处理[21000]条[<class 'dao.models.DomBaiduRestairamtInfo'>]数据
已经处理[22000]条[<class 'dao.models.DomBaiduRestairamtInfo'>]数据
已经处理[23000]条[<class 'dao.models.DomBaiduRestairamtInfo'>]数据
已经处理[24000]条[<class 'dao.models.DomBaiduRestairamtInfo'>]数据
已经处理[25000]条[<class 'dao.models.DomBaiduRestairamtInfo'>]数据
已经处理[26000]条[<class 'dao.models.DomBaiduRestairamtInfo'>]数据
已经处理[27000]条[<class 'dao.models.DomBaiduRestairamtInfo'>]数据
已经处理[28000]条[<class 'dao.models.DomBaiduRestairamtInfo'>]数据
已经处理[29000]条[<class 'dao.models.DomBaiduRestairamtInfo'>]数据
已经处理[30000]条[<class 'dao.models.DomBaiduRestairamtInfo'>]数据
已经处理[31000]条[<class 'dao.models.DomBaiduRestairamtInfo'>]数据
已经处理[32000]条[<class 'dao.models.DomBaiduRestairamtInfo'>]数据
已经处理[33000]条[<class 'dao.models.DomBaiduRestairamtInfo'>]数据
已经处理[34000]条[<class 'dao.models.DomBaiduRestairamtInfo'>]数据
已经处理[35000]条[<class 'dao.models.DomBaiduRestairamtInfo'>]数据
已经处理[36000]条[<class 'dao.models.DomBaiduRestairamtInfo'>]数据
已经处理[37000]条[<class 'dao.models.DomBaiduRestairamtInfo'>]数据
已经处理[38000]条[<class 'dao.models.DomBaiduRestairamtInfo'>]数据
已经处理[39000]条[<class 'dao.models.DomBaiduRestairamtInfo'>]数据
已经处理[40000]条[<class 'dao.models.DomBaiduRestairamtInfo'>]数据
已经处理[41000]条[<class 'dao.models.DomBaiduRestairamtInfo'>]数据
已经处理[42000]条[<class 'dao.models.DomBaiduRestairamtInfo'>]数据
已经处理[43000]条[<class 'dao.models.DomBaiduRestairamtInfo'>]数据
已经处理[44000]条[<class 'dao.models.DomBaiduRestairamtInfo'>]数据
已经处理[45000]条[<class 'dao.models.DomBaiduRestairamtInfo'>]数据
已经处理[46000]条[<class 'dao.models.DomBaiduRestairamtInfo'>]数据
已经处理[47000]条[<class 'dao.models.DomBaiduRestairamtInfo'>]数据
已经处理[48000]条[<class 'dao.models.DomBaiduRestairamtInfo'>]数据
已经处理[49000]条[<class 'dao.models.DomBaiduRestairamtInfo'>]数据
已经处理[50000]条[<class 'dao.models.DomBaiduRestairamtInfo'>]数据
已经处理[51000]条[<class 'dao.models.DomBaiduRestairamtInfo'>]数据
已经处理[52000]条[<class 'dao.models.DomBaiduRestairamtInfo'>]数据
已经处理[53000]条[<class 'dao.models.DomBaiduRestairamtInfo'>]数据
已经处理[54000]条[<class 'dao.models.DomBaiduRestairamtInfo'>]数据
已经处理[55000]条[<class 'dao.models.DomBaiduRestairamtInfo'>]数据
已经处理[56000]条[<class 'dao.models.DomBaiduRestairamtInfo'>]数据
已经处理[57000]条[<class 'dao.models.DomBaiduRestairamtInfo'>]数据
已经处理[58000]条[<class 'dao.models.DomBaiduRestairamtInfo'>]数据
已经处理[59000]条[<class 'dao.models.DomBaiduRestairamtInfo'>]数据
已经处理[60000]条[<class 'dao.models.DomBaiduRestairamtInfo'>]数据
已经处理[61000]条[<class 'dao.models.DomBaiduRestairamtInfo'>]数据
已经处理[62000]条[<class 'dao.models.DomBaiduRestairamtInfo'>]数据
已经处理[63000]条[<class 'dao.models.DomBaiduRestairamtInfo'>]数据
已经处理[64000]条[<class 'dao.models.DomBaiduRestairamtInfo'>]数据
已经处理[65000]条[<class 'dao.models.DomBaiduRestairamtInfo'>]数据
已经处理[66000]条[<class 'dao.models.DomBaiduRestairamtInfo'>]数据
已经处理[67000]条[<class 'dao.models.DomBaiduRestairamtInfo'>]数据
已经处理[68000]条[<class 'dao.models.DomBaiduRestairamtInfo'>]数据
已经处理[69000]条[<class 'dao.models.DomBaiduRestairamtInfo'>]数据
已经处理[70000]条[<class 'dao.models.DomBaiduRestairamtInfo'>]数据
已经处理[71000]条[<class 'dao.models.DomBaiduRestairamtInfo'>]数据
已经处理[72000]条[<class 'dao.models.DomBaiduRestairamtInfo'>]数据
已经处理[73000]条[<class 'dao.models.DomBaiduRestairamtInfo'>]数据
已经处理[74000]条[<class 'dao.models.DomBaiduRestairamtInfo'>]数据
已经处理[75000]条[<class 'dao.models.DomBaiduRestairamtInfo'>]数据
已经处理[76000]条[<class 'dao.models.DomBaiduRestairamtInfo'>]数据
已经处理[77000]条[<class 'dao.models.DomBaiduRestairamtInfo'>]数据
已经处理[78000]条[<class 'dao.models.DomBaiduRestairamtInfo'>]数据
已经处理[79000]条[<class 'dao.models.DomBaiduRestairamtInfo'>]数据
已经处理[80000]条[<class 'dao.models.DomBaiduRestairamtInfo'>]数据
已经处理[81000]条[<class 'dao.models.DomBaiduRestairamtInfo'>]数据
已经处理[82000]条[<class 'dao.models.DomBaiduRestairamtInfo'>]数据
已经处理[83000]条[<class 'dao.models.DomBaiduRestairamtInfo'>]数据
已经处理[84000]条[<class 'dao.models.DomBaiduRestairamtInfo'>]数据
已经处理[85000]条[<class 'dao.models.DomBaiduRestairamtInfo'>]数据
已经处理[86000]条[<class 'dao.models.DomBaiduRestairamtInfo'>]数据
已经处理[87000]条[<class 'dao.models.DomBaiduRestairamtInfo'>]数据
已经处理[88000]条[<class 'dao.models.DomBaiduRestairamtInfo'>]数据
已经处理[89000]条[<class 'dao.models.DomBaiduRestairamtInfo'>]数据
已经处理[90000]条[<class 'dao.models.DomBaiduRestairamtInfo'>]数据
已经处理[91000]条[<class 'dao.models.DomBaiduRestairamtInfo'>]数据
已经处理[92000]条[<class 'dao.models.DomBaiduRestairamtInfo'>]数据
已经处理[93000]条[<class 'dao.models.DomBaiduRestairamtInfo'>]数据
已经处理[94000]条[<class 'dao.models.DomBaiduRestairamtInfo'>]数据
已经处理[95000]条[<class 'dao.models.DomBaiduRestairamtInfo'>]数据
已经处理[96000]条[<class 'dao.models.DomBaiduRestairamtInfo'>]数据
已经处理[97000]条[<class 'dao.models.DomBaiduRestairamtInfo'>]数据
已经处理[98000]条[<class 'dao.models.DomBaiduRestairamtInfo'>]数据
已经处理[99000]条[<class 'dao.models.DomBaiduRestairamtInfo'>]数据
已经处理[100000]条[<class 'dao.models.DomBaiduRestairamtInfo'>]数据
已经处理[101000]条[<class 'dao.models.DomBaiduRestairamtInfo'>]数据
已经处理[102000]条[<class 'dao.models.DomBaiduRestairamtInfo'>]数据
已经处理[103000]条[<class 'dao.models.DomBaiduRestairamtInfo'>]数据
已经处理[104000]条[<class 'dao.models.DomBaiduRestairamtInfo'>]数据
已经处理[105000]条[<class 'dao.models.DomBaiduRestairamtInfo'>]数据
已经处理[106000]条[<class 'dao.models.DomBaiduRestairamtInfo'>]数据
已经处理[107000]条[<class 'dao.models.DomBaiduRestairamtInfo'>]数据
已经处理[108000]条[<class 'dao.models.DomBaiduRestairamtInfo'>]数据
已经处理[109000]条[<class 'dao.models.DomBaiduRestairamtInfo'>]数据
已经处理[110000]条[<class 'dao.models.DomBaiduRestairamtInfo'>]数据
已经处理[111000]条[<class 'dao.models.DomBaiduRestairamtInfo'>]数据
已经处理[112000]条[<class 'dao.models.DomBaiduRestairamtInfo'>]数据
已经处理[113000]条[<class 'dao.models.DomBaiduRestairamtInfo'>]数据
已经处理[114000]条[<class 'dao.models.DomBaiduRestairamtInfo'>]数据
已经处理[115000]条[<class 'dao.models.DomBaiduRestairamtInfo'>]数据
已经处理[116000]条[<class 'dao.models.DomBaiduRestairamtInfo'>]数据
已经处理[117000]条[<class 'dao.models.DomBaiduRestairamtInfo'>]数据
已经处理[118000]条[<class 'dao.models.DomBaiduRestairamtInfo'>]数据
已经处理[119000]条[<class 'dao.models.DomBaiduRestairamtInfo'>]数据
已经处理[120000]条[<class 'dao.models.DomBaiduRestairamtInfo'>]数据
已经处理[121000]条[<class 'dao.models.DomBaiduRestairamtInfo'>]数据
已经处理[122000]条[<class 'dao.models.DomBaiduRestairamtInfo'>]数据
已经处理[123000]条[<class 'dao.models.DomBaiduRestairamtInfo'>]数据
已经处理[124000]条[<class 'dao.models.DomBaiduRestairamtInfo'>]数据
已经处理[125000]条[<class 'dao.models.DomBaiduRestairamtInfo'>]数据
已经处理[126000]条[<class 'dao.models.DomBaiduRestairamtInfo'>]数据
已经处理[127000]条[<class 'dao.models.DomBaiduRestairamtInfo'>]数据
已经处理[128000]条[<class 'dao.models.DomBaiduRestairamtInfo'>]数据
已经处理[129000]条[<class 'dao.models.DomBaiduRestairamtInfo'>]数据
已经处理[130000]条[<class 'dao.models.DomBaiduRestairamtInfo'>]数据
已经处理[131000]条[<class 'dao.models.DomBaiduRestairamtInfo'>]数据
已经处理[132000]条[<class 'dao.models.DomBaiduRestairamtInfo'>]数据
已经处理[133000]条[<class 'dao.models.DomBaiduRestairamtInfo'>]数据
已经处理[134000]条[<class 'dao.models.DomBaiduRestairamtInfo'>]数据
已经处理[135000]条[<class 'dao.models.DomBaiduRestairamtInfo'>]数据
已经处理[136000]条[<class 'dao.models.DomBaiduRestairamtInfo'>]数据
已经处理[137000]条[<class 'dao.models.DomBaiduRestairamtInfo'>]数据
已经处理[138000]条[<class 'dao.models.DomBaiduRestairamtInfo'>]数据
已经处理[139000]条[<class 'dao.models.DomBaiduRestairamtInfo'>]数据
已经处理[140000]条[<class 'dao.models.DomBaiduRestairamtInfo'>]数据
已经处理[141000]条[<class 'dao.models.DomBaiduRestairamtInfo'>]数据
已经处理[142000]条[<class 'dao.models.DomBaiduRestairamtInfo'>]数据
已经处理[143000]条[<class 'dao.models.DomBaiduRestairamtInfo'>]数据
已经处理[144000]条[<class 'dao.models.DomBaiduRestairamtInfo'>]数据
已经处理[145000]条[<class 'dao.models.DomBaiduRestairamtInfo'>]数据
已经处理[146000]条[<class 'dao.models.DomBaiduRestairamtInfo'>]数据
已经处理[147000]条[<class 'dao.models.DomBaiduRestairamtInfo'>]数据
已经处理[148000]条[<class 'dao.models.DomBaiduRestairamtInfo'>]数据
已经处理[149000]条[<class 'dao.models.DomBaiduRestairamtInfo'>]数据
已经处理[150000]条[<class 'dao.models.DomBaiduRestairamtInfo'>]数据
已经处理[151000]条[<class 'dao.models.DomBaiduRestairamtInfo'>]数据
已经处理[152000]条[<class 'dao.models.DomBaiduRestairamtInfo'>]数据
已经处理[153000]条[<class 'dao.models.DomBaiduRestairamtInfo'>]数据
已经处理[154000]条[<class 'dao.models.DomBaiduRestairamtInfo'>]数据
已经处理[155000]条[<class 'dao.models.DomBaiduRestairamtInfo'>]数据
已经处理[156000]条[<class 'dao.models.DomBaiduRestairamtInfo'>]数据
已经处理[157000]条[<class 'dao.models.DomBaiduRestairamtInfo'>]数据
已经处理[158000]条[<class 'dao.models.DomBaiduRestairamtInfo'>]数据
已经处理[159000]条[<class 'dao.models.DomBaiduRestairamtInfo'>]数据
已经处理[160000]条[<class 'dao.models.DomBaiduRestairamtInfo'>]数据
已经处理[161000]条[<class 'dao.models.DomBaiduRestairamtInfo'>]数据
已经处理[162000]条[<class 'dao.models.DomBaiduRestairamtInfo'>]数据
已经处理[163000]条[<class 'dao.models.DomBaiduRestairamtInfo'>]数据
已经处理[164000]条[<class 'dao.models.DomBaiduRestairamtInfo'>]数据
已经处理[165000]条[<class 'dao.models.DomBaiduRestairamtInfo'>]数据
已经处理[166000]条[<class 'dao.models.DomBaiduRestairamtInfo'>]数据
已经处理[167000]条[<class 'dao.models.DomBaiduRestairamtInfo'>]数据
已经处理[168000]条[<class 'dao.models.DomBaiduRestairamtInfo'>]数据
已经处理[169000]条[<class 'dao.models.DomBaiduRestairamtInfo'>]数据
已经处理[170000]条[<class 'dao.models.DomBaiduRestairamtInfo'>]数据
已经处理[171000]条[<class 'dao.models.DomBaiduRestairamtInfo'>]数据
已经处理[172000]条[<class 'dao.models.DomBaiduRestairamtInfo'>]数据
已经处理[173000]条[<class 'dao.models.DomBaiduRestairamtInfo'>]数据
已经处理[174000]条[<class 'dao.models.DomBaiduRestairamtInfo'>]数据
已经处理[175000]条[<class 'dao.models.DomBaiduRestairamtInfo'>]数据
已经处理[176000]条[<class 'dao.models.DomBaiduRestairamtInfo'>]数据
已经处理[177000]条[<class 'dao.models.DomBaiduRestairamtInfo'>]数据
已经处理[178000]条[<class 'dao.models.DomBaiduRestairamtInfo'>]数据
已经处理[179000]条[<class 'dao.models.DomBaiduRestairamtInfo'>]数据
已经处理[180000]条[<class 'dao.models.DomBaiduRestairamtInfo'>]数据
已经处理[181000]条[<class 'dao.models.DomBaiduRestairamtInfo'>]数据
已经处理[182000]条[<class 'dao.models.DomBaiduRestairamtInfo'>]数据
已经处理[183000]条[<class 'dao.models.DomBaiduRestairamtInfo'>]数据
已经处理[184000]条[<class 'dao.models.DomBaiduRestairamtInfo'>]数据
已经处理[185000]条[<class 'dao.models.DomBaiduRestairamtInfo'>]数据
已经处理[186000]条[<class 'dao.models.DomBaiduRestairamtInfo'>]数据
已经处理[187000]条[<class 'dao.models.DomBaiduRestairamtInfo'>]数据
已经处理[188000]条[<class 'dao.models.DomBaiduRestairamtInfo'>]数据
已经处理[189000]条[<class 'dao.models.DomBaiduRestairamtInfo'>]数据
已经处理[190000]条[<class 'dao.models.DomBaiduRestairamtInfo'>]数据
已经处理[191000]条[<class 'dao.models.DomBaiduRestairamtInfo'>]数据
已经处理[192000]条[<class 'dao.models.DomBaiduRestairamtInfo'>]数据
已经处理[193000]条[<class 'dao.models.DomBaiduRestairamtInfo'>]数据
已经处理[194000]条[<class 'dao.models.DomBaiduRestairamtInfo'>]数据
已经处理[195000]条[<class 'dao.models.DomBaiduRestairamtInfo'>]数据
已经处理[196000]条[<class 'dao.models.DomBaiduRestairamtInfo'>]数据
已经处理[197000]条[<class 'dao.models.DomBaiduRestairamtInfo'>]数据
已经处理[198000]条[<class 'dao.models.DomBaiduRestairamtInfo'>]数据
已经处理[199000]条[<class 'dao.models.DomBaiduRestairamtInfo'>]数据
已经处理[200000]条[<class 'dao.models.DomBaiduRestairamtInfo'>]数据
已经处理[201000]条[<class 'dao.models.DomBaiduRestairamtInfo'>]数据
已经处理[202000]条[<class 'dao.models.DomBaiduRestairamtInfo'>]数据
已经处理[203000]条[<class 'dao.models.DomBaiduRestairamtInfo'>]数据
已经处理[204000]条[<class 'dao.models.DomBaiduRestairamtInfo'>]数据
已经处理[205000]条[<class 'dao.models.DomBaiduRestairamtInfo'>]数据
已经处理[206000]条[<class 'dao.models.DomBaiduRestairamtInfo'>]数据
已经处理[207000]条[<class 'dao.models.DomBaiduRestairamtInfo'>]数据
已经处理[208000]条[<class 'dao.models.DomBaiduRestairamtInfo'>]数据
已经处理[209000]条[<class 'dao.models.DomBaiduRestairamtInfo'>]数据
已经处理[210000]条[<class 'dao.models.DomBaiduRestairamtInfo'>]数据
已经处理[211000]条[<class 'dao.models.DomBaiduRestairamtInfo'>]数据
已经处理[212000]条[<class 'dao.models.DomBaiduRestairamtInfo'>]数据
已经处理[213000]条[<class 'dao.models.DomBaiduRestairamtInfo'>]数据
已经处理[214000]条[<class 'dao.models.DomBaiduRestairamtInfo'>]数据
已经处理[215000]条[<class 'dao.models.DomBaiduRestairamtInfo'>]数据
已经处理[216000]条[<class 'dao.models.DomBaiduRestairamtInfo'>]数据
已经处理[217000]条[<class 'dao.models.DomBaiduRestairamtInfo'>]数据
已经处理[218000]条[<class 'dao.models.DomBaiduRestairamtInfo'>]数据
已经处理[219000]条[<class 'dao.models.DomBaiduRestairamtInfo'>]数据
已经处理[220000]条[<class 'dao.models.DomBaiduRestairamtInfo'>]数据
已经处理[221000]条[<class 'dao.models.DomBaiduRestairamtInfo'>]数据
已经处理[222000]条[<class 'dao.models.DomBaiduRestairamtInfo'>]数据
已经处理[223000]条[<class 'dao.models.DomBaiduRestairamtInfo'>]数据
已经处理[224000]条[<class 'dao.models.DomBaiduRestairamtInfo'>]数据
已经处理[225000]条[<class 'dao.models.DomBaiduRestairamtInfo'>]数据
已经处理[226000]条[<class 'dao.models.DomBaiduRestairamtInfo'>]数据
已经处理[227000]条[<class 'dao.models.DomBaiduRestairamtInfo'>]数据
已经处理[228000]条[<class 'dao.models.DomBaiduRestairamtInfo'>]数据
已经处理[229000]条[<class 'dao.models.DomBaiduRestairamtInfo'>]数据
已经处理[230000]条[<class 'dao.models.DomBaiduRestairamtInfo'>]数据
已经处理[231000]条[<class 'dao.models.DomBaiduRestairamtInfo'>]数据
已经处理[232000]条[<class 'dao.models.DomBaiduRestairamtInfo'>]数据
已经处理[233000]条[<class 'dao.models.DomBaiduRestairamtInfo'>]数据
已经处理[234000]条[<class 'dao.models.DomBaiduRestairamtInfo'>]数据
已经处理[235000]条[<class 'dao.models.DomBaiduRestairamtInfo'>]数据
已经处理[236000]条[<class 'dao.models.DomBaiduRestairamtInfo'>]数据
已经处理[237000]条[<class 'dao.models.DomBaiduRestairamtInfo'>]数据
已经处理[238000]条[<class 'dao.models.DomBaiduRestairamtInfo'>]数据
已经处理[239000]条[<class 'dao.models.DomBaiduRestairamtInfo'>]数据
已经处理[240000]条[<class 'dao.models.DomBaiduRestairamtInfo'>]数据
已经处理[241000]条[<class 'dao.models.DomBaiduRestairamtInfo'>]数据
已经处理[242000]条[<class 'dao.models.DomBaiduRestairamtInfo'>]数据
已经处理[243000]条[<class 'dao.models.DomBaiduRestairamtInfo'>]数据
已经处理[244000]条[<class 'dao.models.DomBaiduRestairamtInfo'>]数据
已经处理[245000]条[<class 'dao.models.DomBaiduRestairamtInfo'>]数据
已经处理[246000]条[<class 'dao.models.DomBaiduRestairamtInfo'>]数据
已经处理[247000]条[<class 'dao.models.DomBaiduRestairamtInfo'>]数据
已经处理[248000]条[<class 'dao.models.DomBaiduRestairamtInfo'>]数据
已经处理[249000]条[<class 'dao.models.DomBaiduRestairamtInfo'>]数据
已经处理[250000]条[<class 'dao.models.DomBaiduRestairamtInfo'>]数据
已经处理[251000]条[<class 'dao.models.DomBaiduRestairamtInfo'>]数据
已经处理[252000]条[<class 'dao.models.DomBaiduRestairamtInfo'>]数据
已经处理[253000]条[<class 'dao.models.DomBaiduRestairamtInfo'>]数据
已经处理[254000]条[<class 'dao.models.DomBaiduRestairamtInfo'>]数据
已经处理[255000]条[<class 'dao.models.DomBaiduRestairamtInfo'>]数据
已经处理[256000]条[<class 'dao.models.DomBaiduRestairamtInfo'>]数据
已经处理[257000]条[<class 'dao.models.DomBaiduRestairamtInfo'>]数据
已经处理[258000]条[<class 'dao.models.DomBaiduRestairamtInfo'>]数据
已经处理[259000]条[<class 'dao.models.DomBaiduRestairamtInfo'>]数据
已经处理[260000]条[<class 'dao.models.DomBaiduRestairamtInfo'>]数据
已经处理[261000]条[<class 'dao.models.DomBaiduRestairamtInfo'>]数据
已经处理[262000]条[<class 'dao.models.DomBaiduRestairamtInfo'>]数据
已经处理[263000]条[<class 'dao.models.DomBaiduRestairamtInfo'>]数据
已经处理[264000]条[<class 'dao.models.DomBaiduRestairamtInfo'>]数据
已经处理[265000]条[<class 'dao.models.DomBaiduRestairamtInfo'>]数据
已经处理[266000]条[<class 'dao.models.DomBaiduRestairamtInfo'>]数据
已经处理[267000]条[<class 'dao.models.DomBaiduRestairamtInfo'>]数据
已经处理[268000]条[<class 'dao.models.DomBaiduRestairamtInfo'>]数据
已经处理[269000]条[<class 'dao.models.DomBaiduRestairamtInfo'>]数据
已经处理所有[<class 'dao.models.DomBaiduRestairamtInfo'>]数据共[269640]条
已经处理[1000]条[<class 'dao.models.DomMeituanRestairamtInfo'>]数据
已经处理[2000]条[<class 'dao.models.DomMeituanRestairamtInfo'>]数据
已经处理[3000]条[<class 'dao.models.DomMeituanRestairamtInfo'>]数据
已经处理[4000]条[<class 'dao.models.DomMeituanRestairamtInfo'>]数据
已经处理[5000]条[<class 'dao.models.DomMeituanRestairamtInfo'>]数据
已经处理[6000]条[<class 'dao.models.DomMeituanRestairamtInfo'>]数据
已经处理[7000]条[<class 'dao.models.DomMeituanRestairamtInfo'>]数据
已经处理[8000]条[<class 'dao.models.DomMeituanRestairamtInfo'>]数据
已经处理[9000]条[<class 'dao.models.DomMeituanRestairamtInfo'>]数据
已经处理[10000]条[<class 'dao.models.DomMeituanRestairamtInfo'>]数据
已经处理[11000]条[<class 'dao.models.DomMeituanRestairamtInfo'>]数据
已经处理[12000]条[<class 'dao.models.DomMeituanRestairamtInfo'>]数据
已经处理[13000]条[<class 'dao.models.DomMeituanRestairamtInfo'>]数据
已经处理[14000]条[<class 'dao.models.DomMeituanRestairamtInfo'>]数据
已经处理[15000]条[<class 'dao.models.DomMeituanRestairamtInfo'>]数据
已经处理[16000]条[<class 'dao.models.DomMeituanRestairamtInfo'>]数据
已经处理[17000]条[<class 'dao.models.DomMeituanRestairamtInfo'>]数据
已经处理[18000]条[<class 'dao.models.DomMeituanRestairamtInfo'>]数据
已经处理[19000]条[<class 'dao.models.DomMeituanRestairamtInfo'>]数据
已经处理[20000]条[<class 'dao.models.DomMeituanRestairamtInfo'>]数据
已经处理[21000]条[<class 'dao.models.DomMeituanRestairamtInfo'>]数据
已经处理[22000]条[<class 'dao.models.DomMeituanRestairamtInfo'>]数据
已经处理[23000]条[<class 'dao.models.DomMeituanRestairamtInfo'>]数据
已经处理[24000]条[<class 'dao.models.DomMeituanRestairamtInfo'>]数据
已经处理[25000]条[<class 'dao.models.DomMeituanRestairamtInfo'>]数据
已经处理[26000]条[<class 'dao.models.DomMeituanRestairamtInfo'>]数据
已经处理[27000]条[<class 'dao.models.DomMeituanRestairamtInfo'>]数据
已经处理[28000]条[<class 'dao.models.DomMeituanRestairamtInfo'>]数据
已经处理[29000]条[<class 'dao.models.DomMeituanRestairamtInfo'>]数据
已经处理[30000]条[<class 'dao.models.DomMeituanRestairamtInfo'>]数据
已经处理[31000]条[<class 'dao.models.DomMeituanRestairamtInfo'>]数据
已经处理[32000]条[<class 'dao.models.DomMeituanRestairamtInfo'>]数据
已经处理[33000]条[<class 'dao.models.DomMeituanRestairamtInfo'>]数据
已经处理[34000]条[<class 'dao.models.DomMeituanRestairamtInfo'>]数据
已经处理[35000]条[<class 'dao.models.DomMeituanRestairamtInfo'>]数据
已经处理[36000]条[<class 'dao.models.DomMeituanRestairamtInfo'>]数据
已经处理[37000]条[<class 'dao.models.DomMeituanRestairamtInfo'>]数据
已经处理[38000]条[<class 'dao.models.DomMeituanRestairamtInfo'>]数据
已经处理[39000]条[<class 'dao.models.DomMeituanRestairamtInfo'>]数据
已经处理[40000]条[<class 'dao.models.DomMeituanRestairamtInfo'>]数据
已经处理[41000]条[<class 'dao.models.DomMeituanRestairamtInfo'>]数据
已经处理[42000]条[<class 'dao.models.DomMeituanRestairamtInfo'>]数据
已经处理[43000]条[<class 'dao.models.DomMeituanRestairamtInfo'>]数据
已经处理[44000]条[<class 'dao.models.DomMeituanRestairamtInfo'>]数据
已经处理[45000]条[<class 'dao.models.DomMeituanRestairamtInfo'>]数据
已经处理[46000]条[<class 'dao.models.DomMeituanRestairamtInfo'>]数据
已经处理[47000]条[<class 'dao.models.DomMeituanRestairamtInfo'>]数据
已经处理[48000]条[<class 'dao.models.DomMeituanRestairamtInfo'>]数据
已经处理[49000]条[<class 'dao.models.DomMeituanRestairamtInfo'>]数据
已经处理[50000]条[<class 'dao.models.DomMeituanRestairamtInfo'>]数据
已经处理[51000]条[<class 'dao.models.DomMeituanRestairamtInfo'>]数据
已经处理[52000]条[<class 'dao.models.DomMeituanRestairamtInfo'>]数据
已经处理[53000]条[<class 'dao.models.DomMeituanRestairamtInfo'>]数据
已经处理[54000]条[<class 'dao.models.DomMeituanRestairamtInfo'>]数据
已经处理[55000]条[<class 'dao.models.DomMeituanRestairamtInfo'>]数据
已经处理[56000]条[<class 'dao.models.DomMeituanRestairamtInfo'>]数据
已经处理[57000]条[<class 'dao.models.DomMeituanRestairamtInfo'>]数据
已经处理[58000]条[<class 'dao.models.DomMeituanRestairamtInfo'>]数据
已经处理[59000]条[<class 'dao.models.DomMeituanRestairamtInfo'>]数据
已经处理[60000]条[<class 'dao.models.DomMeituanRestairamtInfo'>]数据
已经处理[61000]条[<class 'dao.models.DomMeituanRestairamtInfo'>]数据
已经处理[62000]条[<class 'dao.models.DomMeituanRestairamtInfo'>]数据
已经处理[63000]条[<class 'dao.models.DomMeituanRestairamtInfo'>]数据
已经处理[64000]条[<class 'dao.models.DomMeituanRestairamtInfo'>]数据
已经处理[65000]条[<class 'dao.models.DomMeituanRestairamtInfo'>]数据
已经处理[66000]条[<class 'dao.models.DomMeituanRestairamtInfo'>]数据
已经处理[67000]条[<class 'dao.models.DomMeituanRestairamtInfo'>]数据
已经处理[68000]条[<class 'dao.models.DomMeituanRestairamtInfo'>]数据
已经处理[69000]条[<class 'dao.models.DomMeituanRestairamtInfo'>]数据
已经处理[70000]条[<class 'dao.models.DomMeituanRestairamtInfo'>]数据
已经处理[71000]条[<class 'dao.models.DomMeituanRestairamtInfo'>]数据
已经处理[72000]条[<class 'dao.models.DomMeituanRestairamtInfo'>]数据
已经处理[73000]条[<class 'dao.models.DomMeituanRestairamtInfo'>]数据
已经处理[74000]条[<class 'dao.models.DomMeituanRestairamtInfo'>]数据
已经处理[75000]条[<class 'dao.models.DomMeituanRestairamtInfo'>]数据
已经处理[76000]条[<class 'dao.models.DomMeituanRestairamtInfo'>]数据
已经处理[77000]条[<class 'dao.models.DomMeituanRestairamtInfo'>]数据
已经处理[78000]条[<class 'dao.models.DomMeituanRestairamtInfo'>]数据
已经处理[79000]条[<class 'dao.models.DomMeituanRestairamtInfo'>]数据
已经处理[80000]条[<class 'dao.models.DomMeituanRestairamtInfo'>]数据
已经处理[81000]条[<class 'dao.models.DomMeituanRestairamtInfo'>]数据
已经处理[82000]条[<class 'dao.models.DomMeituanRestairamtInfo'>]数据
已经处理[83000]条[<class 'dao.models.DomMeituanRestairamtInfo'>]数据
已经处理[84000]条[<class 'dao.models.DomMeituanRestairamtInfo'>]数据
已经处理[85000]条[<class 'dao.models.DomMeituanRestairamtInfo'>]数据
已经处理[86000]条[<class 'dao.models.DomMeituanRestairamtInfo'>]数据
已经处理[87000]条[<class 'dao.models.DomMeituanRestairamtInfo'>]数据
已经处理[88000]条[<class 'dao.models.DomMeituanRestairamtInfo'>]数据
已经处理[89000]条[<class 'dao.models.DomMeituanRestairamtInfo'>]数据
已经处理[90000]条[<class 'dao.models.DomMeituanRestairamtInfo'>]数据
已经处理[91000]条[<class 'dao.models.DomMeituanRestairamtInfo'>]数据
已经处理[92000]条[<class 'dao.models.DomMeituanRestairamtInfo'>]数据
已经处理[93000]条[<class 'dao.models.DomMeituanRestairamtInfo'>]数据
已经处理[94000]条[<class 'dao.models.DomMeituanRestairamtInfo'>]数据
已经处理[95000]条[<class 'dao.models.DomMeituanRestairamtInfo'>]数据
已经处理[96000]条[<class 'dao.models.DomMeituanRestairamtInfo'>]数据
已经处理[97000]条[<class 'dao.models.DomMeituanRestairamtInfo'>]数据
已经处理[98000]条[<class 'dao.models.DomMeituanRestairamtInfo'>]数据
已经处理[99000]条[<class 'dao.models.DomMeituanRestairamtInfo'>]数据
已经处理[100000]条[<class 'dao.models.DomMeituanRestairamtInfo'>]数据
已经处理[101000]条[<class 'dao.models.DomMeituanRestairamtInfo'>]数据
已经处理[102000]条[<class 'dao.models.DomMeituanRestairamtInfo'>]数据
已经处理[103000]条[<class 'dao.models.DomMeituanRestairamtInfo'>]数据
已经处理[104000]条[<class 'dao.models.DomMeituanRestairamtInfo'>]数据
已经处理[105000]条[<class 'dao.models.DomMeituanRestairamtInfo'>]数据
已经处理[106000]条[<class 'dao.models.DomMeituanRestairamtInfo'>]数据
已经处理[107000]条[<class 'dao.models.DomMeituanRestairamtInfo'>]数据
已经处理[108000]条[<class 'dao.models.DomMeituanRestairamtInfo'>]数据
已经处理[109000]条[<class 'dao.models.DomMeituanRestairamtInfo'>]数据
已经处理[110000]条[<class 'dao.models.DomMeituanRestairamtInfo'>]数据
已经处理[111000]条[<class 'dao.models.DomMeituanRestairamtInfo'>]数据
已经处理[112000]条[<class 'dao.models.DomMeituanRestairamtInfo'>]数据
已经处理[113000]条[<class 'dao.models.DomMeituanRestairamtInfo'>]数据
已经处理[114000]条[<class 'dao.models.DomMeituanRestairamtInfo'>]数据
已经处理[115000]条[<class 'dao.models.DomMeituanRestairamtInfo'>]数据
已经处理[116000]条[<class 'dao.models.DomMeituanRestairamtInfo'>]数据
已经处理[117000]条[<class 'dao.models.DomMeituanRestairamtInfo'>]数据
已经处理[118000]条[<class 'dao.models.DomMeituanRestairamtInfo'>]数据
已经处理[119000]条[<class 'dao.models.DomMeituanRestairamtInfo'>]数据
已经处理[120000]条[<class 'dao.models.DomMeituanRestairamtInfo'>]数据
已经处理[121000]条[<class 'dao.models.DomMeituanRestairamtInfo'>]数据
已经处理[122000]条[<class 'dao.models.DomMeituanRestairamtInfo'>]数据
已经处理[123000]条[<class 'dao.models.DomMeituanRestairamtInfo'>]数据
已经处理[124000]条[<class 'dao.models.DomMeituanRestairamtInfo'>]数据
已经处理[125000]条[<class 'dao.models.DomMeituanRestairamtInfo'>]数据
已经处理[126000]条[<class 'dao.models.DomMeituanRestairamtInfo'>]数据
已经处理[127000]条[<class 'dao.models.DomMeituanRestairamtInfo'>]数据
已经处理[128000]条[<class 'dao.models.DomMeituanRestairamtInfo'>]数据
已经处理[129000]条[<class 'dao.models.DomMeituanRestairamtInfo'>]数据
已经处理[130000]条[<class 'dao.models.DomMeituanRestairamtInfo'>]数据
已经处理[131000]条[<class 'dao.models.DomMeituanRestairamtInfo'>]数据
已经处理[132000]条[<class 'dao.models.DomMeituanRestairamtInfo'>]数据
已经处理[133000]条[<class 'dao.models.DomMeituanRestairamtInfo'>]数据
已经处理[134000]条[<class 'dao.models.DomMeituanRestairamtInfo'>]数据
已经处理[135000]条[<class 'dao.models.DomMeituanRestairamtInfo'>]数据
已经处理[136000]条[<class 'dao.models.DomMeituanRestairamtInfo'>]数据
已经处理[137000]条[<class 'dao.models.DomMeituanRestairamtInfo'>]数据
已经处理[138000]条[<class 'dao.models.DomMeituanRestairamtInfo'>]数据
已经处理[139000]条[<class 'dao.models.DomMeituanRestairamtInfo'>]数据
已经处理[140000]条[<class 'dao.models.DomMeituanRestairamtInfo'>]数据
已经处理[141000]条[<class 'dao.models.DomMeituanRestairamtInfo'>]数据
已经处理[142000]条[<class 'dao.models.DomMeituanRestairamtInfo'>]数据
已经处理[143000]条[<class 'dao.models.DomMeituanRestairamtInfo'>]数据
已经处理[144000]条[<class 'dao.models.DomMeituanRestairamtInfo'>]数据
已经处理[145000]条[<class 'dao.models.DomMeituanRestairamtInfo'>]数据
已经处理[146000]条[<class 'dao.models.DomMeituanRestairamtInfo'>]数据
已经处理[147000]条[<class 'dao.models.DomMeituanRestairamtInfo'>]数据
已经处理[148000]条[<class 'dao.models.DomMeituanRestairamtInfo'>]数据
已经处理[149000]条[<class 'dao.models.DomMeituanRestairamtInfo'>]数据
已经处理[150000]条[<class 'dao.models.DomMeituanRestairamtInfo'>]数据
已经处理[151000]条[<class 'dao.models.DomMeituanRestairamtInfo'>]数据
已经处理[152000]条[<class 'dao.models.DomMeituanRestairamtInfo'>]数据
已经处理[153000]条[<class 'dao.models.DomMeituanRestairamtInfo'>]数据
已经处理[154000]条[<class 'dao.models.DomMeituanRestairamtInfo'>]数据
已经处理[155000]条[<class 'dao.models.DomMeituanRestairamtInfo'>]数据
已经处理[156000]条[<class 'dao.models.DomMeituanRestairamtInfo'>]数据
已经处理[157000]条[<class 'dao.models.DomMeituanRestairamtInfo'>]数据
已经处理[158000]条[<class 'dao.models.DomMeituanRestairamtInfo'>]数据
已经处理[159000]条[<class 'dao.models.DomMeituanRestairamtInfo'>]数据
已经处理[160000]条[<class 'dao.models.DomMeituanRestairamtInfo'>]数据
已经处理[161000]条[<class 'dao.models.DomMeituanRestairamtInfo'>]数据
已经处理[162000]条[<class 'dao.models.DomMeituanRestairamtInfo'>]数据
已经处理[163000]条[<class 'dao.models.DomMeituanRestairamtInfo'>]数据
已经处理[164000]条[<class 'dao.models.DomMeituanRestairamtInfo'>]数据
已经处理[165000]条[<class 'dao.models.DomMeituanRestairamtInfo'>]数据
已经处理[166000]条[<class 'dao.models.DomMeituanRestairamtInfo'>]数据
已经处理[167000]条[<class 'dao.models.DomMeituanRestairamtInfo'>]数据
已经处理[168000]条[<class 'dao.models.DomMeituanRestairamtInfo'>]数据
已经处理[169000]条[<class 'dao.models.DomMeituanRestairamtInfo'>]数据
已经处理[170000]条[<class 'dao.models.DomMeituanRestairamtInfo'>]数据
已经处理[171000]条[<class 'dao.models.DomMeituanRestairamtInfo'>]数据
已经处理[172000]条[<class 'dao.models.DomMeituanRestairamtInfo'>]数据
已经处理[173000]条[<class 'dao.models.DomMeituanRestairamtInfo'>]数据
已经处理[174000]条[<class 'dao.models.DomMeituanRestairamtInfo'>]数据
已经处理[175000]条[<class 'dao.models.DomMeituanRestairamtInfo'>]数据
已经处理[176000]条[<class 'dao.models.DomMeituanRestairamtInfo'>]数据
已经处理[177000]条[<class 'dao.models.DomMeituanRestairamtInfo'>]数据
已经处理[178000]条[<class 'dao.models.DomMeituanRestairamtInfo'>]数据
已经处理[179000]条[<class 'dao.models.DomMeituanRestairamtInfo'>]数据
已经处理[180000]条[<class 'dao.models.DomMeituanRestairamtInfo'>]数据
已经处理[181000]条[<class 'dao.models.DomMeituanRestairamtInfo'>]数据
已经处理[182000]条[<class 'dao.models.DomMeituanRestairamtInfo'>]数据
已经处理[183000]条[<class 'dao.models.DomMeituanRestairamtInfo'>]数据
已经处理[184000]条[<class 'dao.models.DomMeituanRestairamtInfo'>]数据
已经处理[185000]条[<class 'dao.models.DomMeituanRestairamtInfo'>]数据
已经处理[186000]条[<class 'dao.models.DomMeituanRestairamtInfo'>]数据
已经处理[187000]条[<class 'dao.models.DomMeituanRestairamtInfo'>]数据
已经处理[188000]条[<class 'dao.models.DomMeituanRestairamtInfo'>]数据
已经处理[189000]条[<class 'dao.models.DomMeituanRestairamtInfo'>]数据
已经处理[190000]条[<class 'dao.models.DomMeituanRestairamtInfo'>]数据
已经处理[191000]条[<class 'dao.models.DomMeituanRestairamtInfo'>]数据
已经处理[192000]条[<class 'dao.models.DomMeituanRestairamtInfo'>]数据
已经处理[193000]条[<class 'dao.models.DomMeituanRestairamtInfo'>]数据
已经处理[194000]条[<class 'dao.models.DomMeituanRestairamtInfo'>]数据
已经处理[195000]条[<class 'dao.models.DomMeituanRestairamtInfo'>]数据
已经处理[196000]条[<class 'dao.models.DomMeituanRestairamtInfo'>]数据
已经处理[197000]条[<class 'dao.models.DomMeituanRestairamtInfo'>]数据
已经处理[198000]条[<class 'dao.models.DomMeituanRestairamtInfo'>]数据
已经处理[199000]条[<class 'dao.models.DomMeituanRestairamtInfo'>]数据
已经处理[200000]条[<class 'dao.models.DomMeituanRestairamtInfo'>]数据
已经处理[201000]条[<class 'dao.models.DomMeituanRestairamtInfo'>]数据
已经处理[202000]条[<class 'dao.models.DomMeituanRestairamtInfo'>]数据
已经处理[203000]条[<class 'dao.models.DomMeituanRestairamtInfo'>]数据
已经处理[204000]条[<class 'dao.models.DomMeituanRestairamtInfo'>]数据
已经处理[205000]条[<class 'dao.models.DomMeituanRestairamtInfo'>]数据
已经处理[206000]条[<class 'dao.models.DomMeituanRestairamtInfo'>]数据
已经处理[207000]条[<class 'dao.models.DomMeituanRestairamtInfo'>]数据
已经处理[208000]条[<class 'dao.models.DomMeituanRestairamtInfo'>]数据
已经处理[209000]条[<class 'dao.models.DomMeituanRestairamtInfo'>]数据
已经处理[210000]条[<class 'dao.models.DomMeituanRestairamtInfo'>]数据
已经处理[211000]条[<class 'dao.models.DomMeituanRestairamtInfo'>]数据
已经处理[212000]条[<class 'dao.models.DomMeituanRestairamtInfo'>]数据
已经处理[213000]条[<class 'dao.models.DomMeituanRestairamtInfo'>]数据
已经处理[214000]条[<class 'dao.models.DomMeituanRestairamtInfo'>]数据
已经处理[215000]条[<class 'dao.models.DomMeituanRestairamtInfo'>]数据
已经处理[216000]条[<class 'dao.models.DomMeituanRestairamtInfo'>]数据
已经处理[217000]条[<class 'dao.models.DomMeituanRestairamtInfo'>]数据
已经处理[218000]条[<class 'dao.models.DomMeituanRestairamtInfo'>]数据
已经处理[219000]条[<class 'dao.models.DomMeituanRestairamtInfo'>]数据
已经处理[220000]条[<class 'dao.models.DomMeituanRestairamtInfo'>]数据
已经处理[221000]条[<class 'dao.models.DomMeituanRestairamtInfo'>]数据
已经处理[222000]条[<class 'dao.models.DomMeituanRestairamtInfo'>]数据
已经处理[223000]条[<class 'dao.models.DomMeituanRestairamtInfo'>]数据
已经处理[224000]条[<class 'dao.models.DomMeituanRestairamtInfo'>]数据
已经处理[225000]条[<class 'dao.models.DomMeituanRestairamtInfo'>]数据
已经处理[226000]条[<class 'dao.models.DomMeituanRestairamtInfo'>]数据
已经处理[227000]条[<class 'dao.models.DomMeituanRestairamtInfo'>]数据
已经处理[228000]条[<class 'dao.models.DomMeituanRestairamtInfo'>]数据
已经处理[229000]条[<class 'dao.models.DomMeituanRestairamtInfo'>]数据
已经处理[230000]条[<class 'dao.models.DomMeituanRestairamtInfo'>]数据
已经处理[231000]条[<class 'dao.models.DomMeituanRestairamtInfo'>]数据
已经处理[232000]条[<class 'dao.models.DomMeituanRestairamtInfo'>]数据
已经处理[233000]条[<class 'dao.models.DomMeituanRestairamtInfo'>]数据
已经处理[234000]条[<class 'dao.models.DomMeituanRestairamtInfo'>]数据
已经处理[235000]条[<class 'dao.models.DomMeituanRestairamtInfo'>]数据
已经处理[236000]条[<class 'dao.models.DomMeituanRestairamtInfo'>]数据
已经处理[237000]条[<class 'dao.models.DomMeituanRestairamtInfo'>]数据
已经处理[238000]条[<class 'dao.models.DomMeituanRestairamtInfo'>]数据
已经处理[239000]条[<class 'dao.models.DomMeituanRestairamtInfo'>]数据
已经处理[240000]条[<class 'dao.models.DomMeituanRestairamtInfo'>]数据
已经处理[241000]条[<class 'dao.models.DomMeituanRestairamtInfo'>]数据
已经处理[242000]条[<class 'dao.models.DomMeituanRestairamtInfo'>]数据
已经处理[243000]条[<class 'dao.models.DomMeituanRestairamtInfo'>]数据
已经处理[244000]条[<class 'dao.models.DomMeituanRestairamtInfo'>]数据
已经处理[245000]条[<class 'dao.models.DomMeituanRestairamtInfo'>]数据
已经处理[246000]条[<class 'dao.models.DomMeituanRestairamtInfo'>]数据
已经处理[247000]条[<class 'dao.models.DomMeituanRestairamtInfo'>]数据
已经处理[248000]条[<class 'dao.models.DomMeituanRestairamtInfo'>]数据
已经处理[249000]条[<class 'dao.models.DomMeituanRestairamtInfo'>]数据
已经处理[250000]条[<class 'dao.models.DomMeituanRestairamtInfo'>]数据
已经处理[251000]条[<class 'dao.models.DomMeituanRestairamtInfo'>]数据
已经处理[252000]条[<class 'dao.models.DomMeituanRestairamtInfo'>]数据
已经处理[253000]条[<class 'dao.models.DomMeituanRestairamtInfo'>]数据
已经处理[254000]条[<class 'dao.models.DomMeituanRestairamtInfo'>]数据
已经处理[255000]条[<class 'dao.models.DomMeituanRestairamtInfo'>]数据
已经处理[256000]条[<class 'dao.models.DomMeituanRestairamtInfo'>]数据
已经处理[257000]条[<class 'dao.models.DomMeituanRestairamtInfo'>]数据
已经处理[258000]条[<class 'dao.models.DomMeituanRestairamtInfo'>]数据
已经处理[259000]条[<class 'dao.models.DomMeituanRestairamtInfo'>]数据
已经处理[260000]条[<class 'dao.models.DomMeituanRestairamtInfo'>]数据
已经处理[261000]条[<class 'dao.models.DomMeituanRestairamtInfo'>]数据
已经处理[262000]条[<class 'dao.models.DomMeituanRestairamtInfo'>]数据
已经处理[263000]条[<class 'dao.models.DomMeituanRestairamtInfo'>]数据
已经处理[264000]条[<class 'dao.models.DomMeituanRestairamtInfo'>]数据
已经处理[265000]条[<class 'dao.models.DomMeituanRestairamtInfo'>]数据
已经处理[266000]条[<class 'dao.models.DomMeituanRestairamtInfo'>]数据
已经处理[267000]条[<class 'dao.models.DomMeituanRestairamtInfo'>]数据
已经处理[268000]条[<class 'dao.models.DomMeituanRestairamtInfo'>]数据
已经处理[269000]条[<class 'dao.models.DomMeituanRestairamtInfo'>]数据
已经处理[270000]条[<class 'dao.models.DomMeituanRestairamtInfo'>]数据
已经处理[271000]条[<class 'dao.models.DomMeituanRestairamtInfo'>]数据
已经处理[272000]条[<class 'dao.models.DomMeituanRestairamtInfo'>]数据
已经处理[273000]条[<class 'dao.models.DomMeituanRestairamtInfo'>]数据
已经处理[274000]条[<class 'dao.models.DomMeituanRestairamtInfo'>]数据
已经处理[275000]条[<class 'dao.models.DomMeituanRestairamtInfo'>]数据
已经处理[276000]条[<class 'dao.models.DomMeituanRestairamtInfo'>]数据
已经处理[277000]条[<class 'dao.models.DomMeituanRestairamtInfo'>]数据
已经处理[278000]条[<class 'dao.models.DomMeituanRestairamtInfo'>]数据
已经处理[279000]条[<class 'dao.models.DomMeituanRestairamtInfo'>]数据
已经处理[280000]条[<class 'dao.models.DomMeituanRestairamtInfo'>]数据
已经处理[281000]条[<class 'dao.models.DomMeituanRestairamtInfo'>]数据
已经处理[282000]条[<class 'dao.models.DomMeituanRestairamtInfo'>]数据
已经处理[283000]条[<class 'dao.models.DomMeituanRestairamtInfo'>]数据
已经处理[284000]条[<class 'dao.models.DomMeituanRestairamtInfo'>]数据
已经处理[285000]条[<class 'dao.models.DomMeituanRestairamtInfo'>]数据
已经处理[286000]条[<class 'dao.models.DomMeituanRestairamtInfo'>]数据
已经处理[287000]条[<class 'dao.models.DomMeituanRestairamtInfo'>]数据
已经处理[288000]条[<class 'dao.models.DomMeituanRestairamtInfo'>]数据
已经处理[289000]条[<class 'dao.models.DomMeituanRestairamtInfo'>]数据
已经处理[290000]条[<class 'dao.models.DomMeituanRestairamtInfo'>]数据
已经处理[291000]条[<class 'dao.models.DomMeituanRestairamtInfo'>]数据
已经处理[292000]条[<class 'dao.models.DomMeituanRestairamtInfo'>]数据
已经处理[293000]条[<class 'dao.models.DomMeituanRestairamtInfo'>]数据
已经处理[294000]条[<class 'dao.models.DomMeituanRestairamtInfo'>]数据
已经处理[295000]条[<class 'dao.models.DomMeituanRestairamtInfo'>]数据
已经处理[296000]条[<class 'dao.models.DomMeituanRestairamtInfo'>]数据
已经处理[297000]条[<class 'dao.models.DomMeituanRestairamtInfo'>]数据
已经处理[298000]条[<class 'dao.models.DomMeituanRestairamtInfo'>]数据
已经处理[299000]条[<class 'dao.models.DomMeituanRestairamtInfo'>]数据
已经处理[300000]条[<class 'dao.models.DomMeituanRestairamtInfo'>]数据
已经处理[301000]条[<class 'dao.models.DomMeituanRestairamtInfo'>]数据
已经处理[302000]条[<class 'dao.models.DomMeituanRestairamtInfo'>]数据
已经处理[303000]条[<class 'dao.models.DomMeituanRestairamtInfo'>]数据
已经处理[304000]条[<class 'dao.models.DomMeituanRestairamtInfo'>]数据
已经处理[305000]条[<class 'dao.models.DomMeituanRestairamtInfo'>]数据
已经处理[306000]条[<class 'dao.models.DomMeituanRestairamtInfo'>]数据
已经处理[307000]条[<class 'dao.models.DomMeituanRestairamtInfo'>]数据
已经处理[308000]条[<class 'dao.models.DomMeituanRestairamtInfo'>]数据
已经处理[309000]条[<class 'dao.models.DomMeituanRestairamtInfo'>]数据
已经处理[310000]条[<class 'dao.models.DomMeituanRestairamtInfo'>]数据
已经处理[311000]条[<class 'dao.models.DomMeituanRestairamtInfo'>]数据
已经处理[312000]条[<class 'dao.models.DomMeituanRestairamtInfo'>]数据
已经处理[313000]条[<class 'dao.models.DomMeituanRestairamtInfo'>]数据
已经处理[314000]条[<class 'dao.models.DomMeituanRestairamtInfo'>]数据
已经处理[315000]条[<class 'dao.models.DomMeituanRestairamtInfo'>]数据
已经处理[316000]条[<class 'dao.models.DomMeituanRestairamtInfo'>]数据
已经处理[317000]条[<class 'dao.models.DomMeituanRestairamtInfo'>]数据
已经处理[318000]条[<class 'dao.models.DomMeituanRestairamtInfo'>]数据
已经处理[319000]条[<class 'dao.models.DomMeituanRestairamtInfo'>]数据
已经处理[320000]条[<class 'dao.models.DomMeituanRestairamtInfo'>]数据
已经处理[321000]条[<class 'dao.models.DomMeituanRestairamtInfo'>]数据
已经处理[322000]条[<class 'dao.models.DomMeituanRestairamtInfo'>]数据
已经处理[323000]条[<class 'dao.models.DomMeituanRestairamtInfo'>]数据
已经处理[324000]条[<class 'dao.models.DomMeituanRestairamtInfo'>]数据
已经处理[325000]条[<class 'dao.models.DomMeituanRestairamtInfo'>]数据
已经处理[326000]条[<class 'dao.models.DomMeituanRestairamtInfo'>]数据
已经处理[327000]条[<class 'dao.models.DomMeituanRestairamtInfo'>]数据
已经处理[328000]条[<class 'dao.models.DomMeituanRestairamtInfo'>]数据
已经处理[329000]条[<class 'dao.models.DomMeituanRestairamtInfo'>]数据
已经处理[330000]条[<class 'dao.models.DomMeituanRestairamtInfo'>]数据
已经处理[331000]条[<class 'dao.models.DomMeituanRestairamtInfo'>]数据
已经处理[332000]条[<class 'dao.models.DomMeituanRestairamtInfo'>]数据
已经处理[333000]条[<class 'dao.models.DomMeituanRestairamtInfo'>]数据
已经处理[334000]条[<class 'dao.models.DomMeituanRestairamtInfo'>]数据
已经处理[335000]条[<class 'dao.models.DomMeituanRestairamtInfo'>]数据
已经处理[336000]条[<class 'dao.models.DomMeituanRestairamtInfo'>]数据
已经处理[337000]条[<class 'dao.models.DomMeituanRestairamtInfo'>]数据
已经处理[338000]条[<class 'dao.models.DomMeituanRestairamtInfo'>]数据
已经处理[339000]条[<class 'dao.models.DomMeituanRestairamtInfo'>]数据
已经处理[340000]条[<class 'dao.models.DomMeituanRestairamtInfo'>]数据
已经处理[341000]条[<class 'dao.models.DomMeituanRestairamtInfo'>]数据
已经处理[342000]条[<class 'dao.models.DomMeituanRestairamtInfo'>]数据
已经处理[343000]条[<class 'dao.models.DomMeituanRestairamtInfo'>]数据
已经处理[344000]条[<class 'dao.models.DomMeituanRestairamtInfo'>]数据
已经处理[345000]条[<class 'dao.models.DomMeituanRestairamtInfo'>]数据
已经处理[346000]条[<class 'dao.models.DomMeituanRestairamtInfo'>]数据
已经处理[347000]条[<class 'dao.models.DomMeituanRestairamtInfo'>]数据
已经处理[348000]条[<class 'dao.models.DomMeituanRestairamtInfo'>]数据
已经处理[349000]条[<class 'dao.models.DomMeituanRestairamtInfo'>]数据
已经处理[350000]条[<class 'dao.models.DomMeituanRestairamtInfo'>]数据
已经处理[351000]条[<class 'dao.models.DomMeituanRestairamtInfo'>]数据
已经处理[352000]条[<class 'dao.models.DomMeituanRestairamtInfo'>]数据
已经处理[353000]条[<class 'dao.models.DomMeituanRestairamtInfo'>]数据
已经处理所有[<class 'dao.models.DomMeituanRestairamtInfo'>]数据共[353799]条
已经处理[1000]条[<class 'dao.models.DomDianpingRestairamtInfo'>]数据
已经处理[2000]条[<class 'dao.models.DomDianpingRestairamtInfo'>]数据
已经处理[3000]条[<class 'dao.models.DomDianpingRestairamtInfo'>]数据
已经处理[4000]条[<class 'dao.models.DomDianpingRestairamtInfo'>]数据
已经处理[5000]条[<class 'dao.models.DomDianpingRestairamtInfo'>]数据
已经处理[6000]条[<class 'dao.models.DomDianpingRestairamtInfo'>]数据
已经处理[7000]条[<class 'dao.models.DomDianpingRestairamtInfo'>]数据
已经处理[8000]条[<class 'dao.models.DomDianpingRestairamtInfo'>]数据
已经处理[9000]条[<class 'dao.models.DomDianpingRestairamtInfo'>]数据
已经处理[10000]条[<class 'dao.models.DomDianpingRestairamtInfo'>]数据
已经处理[11000]条[<class 'dao.models.DomDianpingRestairamtInfo'>]数据
已经处理[12000]条[<class 'dao.models.DomDianpingRestairamtInfo'>]数据
已经处理[13000]条[<class 'dao.models.DomDianpingRestairamtInfo'>]数据
已经处理[14000]条[<class 'dao.models.DomDianpingRestairamtInfo'>]数据
已经处理[15000]条[<class 'dao.models.DomDianpingRestairamtInfo'>]数据
已经处理[16000]条[<class 'dao.models.DomDianpingRestairamtInfo'>]数据
已经处理[17000]条[<class 'dao.models.DomDianpingRestairamtInfo'>]数据
已经处理[18000]条[<class 'dao.models.DomDianpingRestairamtInfo'>]数据
已经处理[19000]条[<class 'dao.models.DomDianpingRestairamtInfo'>]数据
已经处理[20000]条[<class 'dao.models.DomDianpingRestairamtInfo'>]数据
已经处理[21000]条[<class 'dao.models.DomDianpingRestairamtInfo'>]数据
已经处理[22000]条[<class 'dao.models.DomDianpingRestairamtInfo'>]数据
已经处理[23000]条[<class 'dao.models.DomDianpingRestairamtInfo'>]数据
已经处理[24000]条[<class 'dao.models.DomDianpingRestairamtInfo'>]数据
已经处理[25000]条[<class 'dao.models.DomDianpingRestairamtInfo'>]数据
已经处理[26000]条[<class 'dao.models.DomDianpingRestairamtInfo'>]数据
已经处理[27000]条[<class 'dao.models.DomDianpingRestairamtInfo'>]数据
已经处理[28000]条[<class 'dao.models.DomDianpingRestairamtInfo'>]数据
已经处理[29000]条[<class 'dao.models.DomDianpingRestairamtInfo'>]数据
已经处理[30000]条[<class 'dao.models.DomDianpingRestairamtInfo'>]数据
已经处理[31000]条[<class 'dao.models.DomDianpingRestairamtInfo'>]数据
已经处理[32000]条[<class 'dao.models.DomDianpingRestairamtInfo'>]数据
已经处理[33000]条[<class 'dao.models.DomDianpingRestairamtInfo'>]数据
已经处理[34000]条[<class 'dao.models.DomDianpingRestairamtInfo'>]数据
已经处理[35000]条[<class 'dao.models.DomDianpingRestairamtInfo'>]数据
已经处理[36000]条[<class 'dao.models.DomDianpingRestairamtInfo'>]数据
已经处理[37000]条[<class 'dao.models.DomDianpingRestairamtInfo'>]数据
已经处理[38000]条[<class 'dao.models.DomDianpingRestairamtInfo'>]数据
已经处理[39000]条[<class 'dao.models.DomDianpingRestairamtInfo'>]数据
已经处理[40000]条[<class 'dao.models.DomDianpingRestairamtInfo'>]数据
已经处理[41000]条[<class 'dao.models.DomDianpingRestairamtInfo'>]数据
已经处理[42000]条[<class 'dao.models.DomDianpingRestairamtInfo'>]数据
已经处理[43000]条[<class 'dao.models.DomDianpingRestairamtInfo'>]数据
已经处理[44000]条[<class 'dao.models.DomDianpingRestairamtInfo'>]数据
已经处理[45000]条[<class 'dao.models.DomDianpingRestairamtInfo'>]数据
已经处理[46000]条[<class 'dao.models.DomDianpingRestairamtInfo'>]数据
已经处理[47000]条[<class 'dao.models.DomDianpingRestairamtInfo'>]数据
已经处理[48000]条[<class 'dao.models.DomDianpingRestairamtInfo'>]数据
已经处理[49000]条[<class 'dao.models.DomDianpingRestairamtInfo'>]数据
已经处理[50000]条[<class 'dao.models.DomDianpingRestairamtInfo'>]数据
已经处理[51000]条[<class 'dao.models.DomDianpingRestairamtInfo'>]数据
已经处理[52000]条[<class 'dao.models.DomDianpingRestairamtInfo'>]数据
已经处理[53000]条[<class 'dao.models.DomDianpingRestairamtInfo'>]数据
已经处理[54000]条[<class 'dao.models.DomDianpingRestairamtInfo'>]数据
已经处理[55000]条[<class 'dao.models.DomDianpingRestairamtInfo'>]数据
已经处理[56000]条[<class 'dao.models.DomDianpingRestairamtInfo'>]数据
已经处理[57000]条[<class 'dao.models.DomDianpingRestairamtInfo'>]数据
已经处理[58000]条[<class 'dao.models.DomDianpingRestairamtInfo'>]数据
已经处理[59000]条[<class 'dao.models.DomDianpingRestairamtInfo'>]数据
已经处理[60000]条[<class 'dao.models.DomDianpingRestairamtInfo'>]数据
已经处理[61000]条[<class 'dao.models.DomDianpingRestairamtInfo'>]数据
已经处理[62000]条[<class 'dao.models.DomDianpingRestairamtInfo'>]数据
已经处理[63000]条[<class 'dao.models.DomDianpingRestairamtInfo'>]数据
已经处理[64000]条[<class 'dao.models.DomDianpingRestairamtInfo'>]数据
已经处理[65000]条[<class 'dao.models.DomDianpingRestairamtInfo'>]数据
已经处理[66000]条[<class 'dao.models.DomDianpingRestairamtInfo'>]数据
已经处理[67000]条[<class 'dao.models.DomDianpingRestairamtInfo'>]数据
已经处理[68000]条[<class 'dao.models.DomDianpingRestairamtInfo'>]数据
已经处理[69000]条[<class 'dao.models.DomDianpingRestairamtInfo'>]数据
已经处理[70000]条[<class 'dao.models.DomDianpingRestairamtInfo'>]数据
已经处理[71000]条[<class 'dao.models.DomDianpingRestairamtInfo'>]数据
已经处理[72000]条[<class 'dao.models.DomDianpingRestairamtInfo'>]数据
已经处理[73000]条[<class 'dao.models.DomDianpingRestairamtInfo'>]数据
已经处理[74000]条[<class 'dao.models.DomDianpingRestairamtInfo'>]数据
已经处理[75000]条[<class 'dao.models.DomDianpingRestairamtInfo'>]数据
已经处理[76000]条[<class 'dao.models.DomDianpingRestairamtInfo'>]数据
已经处理[77000]条[<class 'dao.models.DomDianpingRestairamtInfo'>]数据
已经处理[78000]条[<class 'dao.models.DomDianpingRestairamtInfo'>]数据
已经处理[79000]条[<class 'dao.models.DomDianpingRestairamtInfo'>]数据
已经处理[80000]条[<class 'dao.models.DomDianpingRestairamtInfo'>]数据
已经处理[81000]条[<class 'dao.models.DomDianpingRestairamtInfo'>]数据
已经处理[82000]条[<class 'dao.models.DomDianpingRestairamtInfo'>]数据
已经处理[83000]条[<class 'dao.models.DomDianpingRestairamtInfo'>]数据
已经处理[84000]条[<class 'dao.models.DomDianpingRestairamtInfo'>]数据
已经处理[85000]条[<class 'dao.models.DomDianpingRestairamtInfo'>]数据
已经处理[86000]条[<class 'dao.models.DomDianpingRestairamtInfo'>]数据
已经处理[87000]条[<class 'dao.models.DomDianpingRestairamtInfo'>]数据
已经处理[88000]条[<class 'dao.models.DomDianpingRestairamtInfo'>]数据
已经处理[89000]条[<class 'dao.models.DomDianpingRestairamtInfo'>]数据
已经处理[90000]条[<class 'dao.models.DomDianpingRestairamtInfo'>]数据
已经处理[91000]条[<class 'dao.models.DomDianpingRestairamtInfo'>]数据
已经处理[92000]条[<class 'dao.models.DomDianpingRestairamtInfo'>]数据
已经处理[93000]条[<class 'dao.models.DomDianpingRestairamtInfo'>]数据
已经处理[94000]条[<class 'dao.models.DomDianpingRestairamtInfo'>]数据
已经处理[95000]条[<class 'dao.models.DomDianpingRestairamtInfo'>]数据
已经处理[96000]条[<class 'dao.models.DomDianpingRestairamtInfo'>]数据
已经处理[97000]条[<class 'dao.models.DomDianpingRestairamtInfo'>]数据
已经处理[98000]条[<class 'dao.models.DomDianpingRestairamtInfo'>]数据
已经处理[99000]条[<class 'dao.models.DomDianpingRestairamtInfo'>]数据
已经处理[100000]条[<class 'dao.models.DomDianpingRestairamtInfo'>]数据
已经处理[101000]条[<class 'dao.models.DomDianpingRestairamtInfo'>]数据
已经处理[102000]条[<class 'dao.models.DomDianpingRestairamtInfo'>]数据
已经处理[103000]条[<class 'dao.models.DomDianpingRestairamtInfo'>]数据
已经处理[104000]条[<class 'dao.models.DomDianpingRestairamtInfo'>]数据
已经处理[105000]条[<class 'dao.models.DomDianpingRestairamtInfo'>]数据
已经处理[106000]条[<class 'dao.models.DomDianpingRestairamtInfo'>]数据
已经处理[107000]条[<class 'dao.models.DomDianpingRestairamtInfo'>]数据
已经处理[108000]条[<class 'dao.models.DomDianpingRestairamtInfo'>]数据
已经处理[109000]条[<class 'dao.models.DomDianpingRestairamtInfo'>]数据
已经处理[110000]条[<class 'dao.models.DomDianpingRestairamtInfo'>]数据
已经处理[111000]条[<class 'dao.models.DomDianpingRestairamtInfo'>]数据
已经处理[112000]条[<class 'dao.models.DomDianpingRestairamtInfo'>]数据
已经处理[113000]条[<class 'dao.models.DomDianpingRestairamtInfo'>]数据
已经处理[114000]条[<class 'dao.models.DomDianpingRestairamtInfo'>]数据
已经处理[115000]条[<class 'dao.models.DomDianpingRestairamtInfo'>]数据
已经处理[116000]条[<class 'dao.models.DomDianpingRestairamtInfo'>]数据
已经处理[117000]条[<class 'dao.models.DomDianpingRestairamtInfo'>]数据
已经处理[118000]条[<class 'dao.models.DomDianpingRestairamtInfo'>]数据
已经处理[119000]条[<class 'dao.models.DomDianpingRestairamtInfo'>]数据
已经处理[120000]条[<class 'dao.models.DomDianpingRestairamtInfo'>]数据
已经处理[121000]条[<class 'dao.models.DomDianpingRestairamtInfo'>]数据
已经处理[122000]条[<class 'dao.models.DomDianpingRestairamtInfo'>]数据
已经处理[123000]条[<class 'dao.models.DomDianpingRestairamtInfo'>]数据
已经处理[124000]条[<class 'dao.models.DomDianpingRestairamtInfo'>]数据
已经处理[125000]条[<class 'dao.models.DomDianpingRestairamtInfo'>]数据
已经处理[126000]条[<class 'dao.models.DomDianpingRestairamtInfo'>]数据
已经处理[127000]条[<class 'dao.models.DomDianpingRestairamtInfo'>]数据
已经处理[128000]条[<class 'dao.models.DomDianpingRestairamtInfo'>]数据
已经处理[129000]条[<class 'dao.models.DomDianpingRestairamtInfo'>]数据
已经处理[130000]条[<class 'dao.models.DomDianpingRestairamtInfo'>]数据
已经处理[131000]条[<class 'dao.models.DomDianpingRestairamtInfo'>]数据
已经处理[132000]条[<class 'dao.models.DomDianpingRestairamtInfo'>]数据
已经处理[133000]条[<class 'dao.models.DomDianpingRestairamtInfo'>]数据
已经处理[134000]条[<class 'dao.models.DomDianpingRestairamtInfo'>]数据
已经处理[135000]条[<class 'dao.models.DomDianpingRestairamtInfo'>]数据
已经处理[136000]条[<class 'dao.models.DomDianpingRestairamtInfo'>]数据
已经处理[137000]条[<class 'dao.models.DomDianpingRestairamtInfo'>]数据
已经处理[138000]条[<class 'dao.models.DomDianpingRestairamtInfo'>]数据
已经处理[139000]条[<class 'dao.models.DomDianpingRestairamtInfo'>]数据
已经处理[140000]条[<class 'dao.models.DomDianpingRestairamtInfo'>]数据
已经处理[141000]条[<class 'dao.models.DomDianpingRestairamtInfo'>]数据
已经处理[142000]条[<class 'dao.models.DomDianpingRestairamtInfo'>]数据
已经处理[143000]条[<class 'dao.models.DomDianpingRestairamtInfo'>]数据
已经处理[144000]条[<class 'dao.models.DomDianpingRestairamtInfo'>]数据
已经处理[145000]条[<class 'dao.models.DomDianpingRestairamtInfo'>]数据
已经处理[146000]条[<class 'dao.models.DomDianpingRestairamtInfo'>]数据
已经处理[147000]条[<class 'dao.models.DomDianpingRestairamtInfo'>]数据
已经处理[148000]条[<class 'dao.models.DomDianpingRestairamtInfo'>]数据
已经处理[149000]条[<class 'dao.models.DomDianpingRestairamtInfo'>]数据
已经处理[150000]条[<class 'dao.models.DomDianpingRestairamtInfo'>]数据
已经处理[151000]条[<class 'dao.models.DomDianpingRestairamtInfo'>]数据
已经处理[152000]条[<class 'dao.models.DomDianpingRestairamtInfo'>]数据
已经处理[153000]条[<class 'dao.models.DomDianpingRestairamtInfo'>]数据
已经处理[154000]条[<class 'dao.models.DomDianpingRestairamtInfo'>]数据
已经处理[155000]条[<class 'dao.models.DomDianpingRestairamtInfo'>]数据
已经处理[156000]条[<class 'dao.models.DomDianpingRestairamtInfo'>]数据
已经处理[157000]条[<class 'dao.models.DomDianpingRestairamtInfo'>]数据
已经处理[158000]条[<class 'dao.models.DomDianpingRestairamtInfo'>]数据
已经处理[159000]条[<class 'dao.models.DomDianpingRestairamtInfo'>]数据
已经处理[160000]条[<class 'dao.models.DomDianpingRestairamtInfo'>]数据
已经处理[161000]条[<class 'dao.models.DomDianpingRestairamtInfo'>]数据
已经处理[162000]条[<class 'dao.models.DomDianpingRestairamtInfo'>]数据
已经处理[163000]条[<class 'dao.models.DomDianpingRestairamtInfo'>]数据
已经处理[164000]条[<class 'dao.models.DomDianpingRestairamtInfo'>]数据
已经处理[165000]条[<class 'dao.models.DomDianpingRestairamtInfo'>]数据
已经处理[166000]条[<class 'dao.models.DomDianpingRestairamtInfo'>]数据
已经处理[167000]条[<class 'dao.models.DomDianpingRestairamtInfo'>]数据
已经处理[168000]条[<class 'dao.models.DomDianpingRestairamtInfo'>]数据
已经处理[169000]条[<class 'dao.models.DomDianpingRestairamtInfo'>]数据
已经处理[170000]条[<class 'dao.models.DomDianpingRestairamtInfo'>]数据
已经处理[171000]条[<class 'dao.models.DomDianpingRestairamtInfo'>]数据
已经处理[172000]条[<class 'dao.models.DomDianpingRestairamtInfo'>]数据
已经处理[173000]条[<class 'dao.models.DomDianpingRestairamtInfo'>]数据
已经处理[174000]条[<class 'dao.models.DomDianpingRestairamtInfo'>]数据
已经处理[175000]条[<class 'dao.models.DomDianpingRestairamtInfo'>]数据
已经处理[176000]条[<class 'dao.models.DomDianpingRestairamtInfo'>]数据
已经处理[177000]条[<class 'dao.models.DomDianpingRestairamtInfo'>]数据
已经处理[178000]条[<class 'dao.models.DomDianpingRestairamtInfo'>]数据
已经处理[179000]条[<class 'dao.models.DomDianpingRestairamtInfo'>]数据
已经处理[180000]条[<class 'dao.models.DomDianpingRestairamtInfo'>]数据
已经处理[181000]条[<class 'dao.models.DomDianpingRestairamtInfo'>]数据
已经处理[182000]条[<class 'dao.models.DomDianpingRestairamtInfo'>]数据
已经处理[183000]条[<class 'dao.models.DomDianpingRestairamtInfo'>]数据
已经处理[184000]条[<class 'dao.models.DomDianpingRestairamtInfo'>]数据
已经处理[185000]条[<class 'dao.models.DomDianpingRestairamtInfo'>]数据
已经处理[186000]条[<class 'dao.models.DomDianpingRestairamtInfo'>]数据
已经处理[187000]条[<class 'dao.models.DomDianpingRestairamtInfo'>]数据
已经处理[188000]条[<class 'dao.models.DomDianpingRestairamtInfo'>]数据
已经处理[189000]条[<class 'dao.models.DomDianpingRestairamtInfo'>]数据
已经处理[190000]条[<class 'dao.models.DomDianpingRestairamtInfo'>]数据
已经处理[191000]条[<class 'dao.models.DomDianpingRestairamtInfo'>]数据
已经处理[192000]条[<class 'dao.models.DomDianpingRestairamtInfo'>]数据
已经处理[193000]条[<class 'dao.models.DomDianpingRestairamtInfo'>]数据
已经处理[194000]条[<class 'dao.models.DomDianpingRestairamtInfo'>]数据
已经处理[195000]条[<class 'dao.models.DomDianpingRestairamtInfo'>]数据
已经处理[196000]条[<class 'dao.models.DomDianpingRestairamtInfo'>]数据
已经处理[197000]条[<class 'dao.models.DomDianpingRestairamtInfo'>]数据
已经处理[198000]条[<class 'dao.models.DomDianpingRestairamtInfo'>]数据
已经处理[199000]条[<class 'dao.models.DomDianpingRestairamtInfo'>]数据
已经处理[200000]条[<class 'dao.models.DomDianpingRestairamtInfo'>]数据
已经处理[201000]条[<class 'dao.models.DomDianpingRestairamtInfo'>]数据
已经处理[202000]条[<class 'dao.models.DomDianpingRestairamtInfo'>]数据
已经处理[203000]条[<class 'dao.models.DomDianpingRestairamtInfo'>]数据
已经处理[204000]条[<class 'dao.models.DomDianpingRestairamtInfo'>]数据
已经处理[205000]条[<class 'dao.models.DomDianpingRestairamtInfo'>]数据
已经处理[206000]条[<class 'dao.models.DomDianpingRestairamtInfo'>]数据
已经处理[207000]条[<class 'dao.models.DomDianpingRestairamtInfo'>]数据
已经处理[208000]条[<class 'dao.models.DomDianpingRestairamtInfo'>]数据
已经处理[209000]条[<class 'dao.models.DomDianpingRestairamtInfo'>]数据
已经处理[210000]条[<class 'dao.models.DomDianpingRestairamtInfo'>]数据
已经处理[211000]条[<class 'dao.models.DomDianpingRestairamtInfo'>]数据
已经处理[212000]条[<class 'dao.models.DomDianpingRestairamtInfo'>]数据
已经处理[213000]条[<class 'dao.models.DomDianpingRestairamtInfo'>]数据
已经处理[214000]条[<class 'dao.models.DomDianpingRestairamtInfo'>]数据
已经处理[215000]条[<class 'dao.models.DomDianpingRestairamtInfo'>]数据
已经处理[216000]条[<class 'dao.models.DomDianpingRestairamtInfo'>]数据
已经处理[217000]条[<class 'dao.models.DomDianpingRestairamtInfo'>]数据
已经处理[218000]条[<class 'dao.models.DomDianpingRestairamtInfo'>]数据
已经处理[219000]条[<class 'dao.models.DomDianpingRestairamtInfo'>]数据
已经处理[220000]条[<class 'dao.models.DomDianpingRestairamtInfo'>]数据
已经处理[221000]条[<class 'dao.models.DomDianpingRestairamtInfo'>]数据
已经处理[222000]条[<class 'dao.models.DomDianpingRestairamtInfo'>]数据
已经处理[223000]条[<class 'dao.models.DomDianpingRestairamtInfo'>]数据
已经处理[224000]条[<class 'dao.models.DomDianpingRestairamtInfo'>]数据
已经处理[225000]条[<class 'dao.models.DomDianpingRestairamtInfo'>]数据
已经处理[226000]条[<class 'dao.models.DomDianpingRestairamtInfo'>]数据
已经处理[227000]条[<class 'dao.models.DomDianpingRestairamtInfo'>]数据
已经处理[228000]条[<class 'dao.models.DomDianpingRestairamtInfo'>]数据
已经处理[229000]条[<class 'dao.models.DomDianpingRestairamtInfo'>]数据
已经处理[230000]条[<class 'dao.models.DomDianpingRestairamtInfo'>]数据
已经处理[231000]条[<class 'dao.models.DomDianpingRestairamtInfo'>]数据
已经处理[232000]条[<class 'dao.models.DomDianpingRestairamtInfo'>]数据
已经处理[233000]条[<class 'dao.models.DomDianpingRestairamtInfo'>]数据
已经处理[234000]条[<class 'dao.models.DomDianpingRestairamtInfo'>]数据
已经处理[235000]条[<class 'dao.models.DomDianpingRestairamtInfo'>]数据
已经处理[236000]条[<class 'dao.models.DomDianpingRestairamtInfo'>]数据
已经处理[237000]条[<class 'dao.models.DomDianpingRestairamtInfo'>]数据
已经处理[238000]条[<class 'dao.models.DomDianpingRestairamtInfo'>]数据
已经处理[239000]条[<class 'dao.models.DomDianpingRestairamtInfo'>]数据
已经处理[240000]条[<class 'dao.models.DomDianpingRestairamtInfo'>]数据
已经处理[241000]条[<class 'dao.models.DomDianpingRestairamtInfo'>]数据
已经处理[242000]条[<class 'dao.models.DomDianpingRestairamtInfo'>]数据
已经处理[243000]条[<class 'dao.models.DomDianpingRestairamtInfo'>]数据
已经处理[244000]条[<class 'dao.models.DomDianpingRestairamtInfo'>]数据
已经处理[245000]条[<class 'dao.models.DomDianpingRestairamtInfo'>]数据
已经处理[246000]条[<class 'dao.models.DomDianpingRestairamtInfo'>]数据
已经处理[247000]条[<class 'dao.models.DomDianpingRestairamtInfo'>]数据
已经处理[248000]条[<class 'dao.models.DomDianpingRestairamtInfo'>]数据
已经处理[249000]条[<class 'dao.models.DomDianpingRestairamtInfo'>]数据
已经处理[250000]条[<class 'dao.models.DomDianpingRestairamtInfo'>]数据
已经处理[251000]条[<class 'dao.models.DomDianpingRestairamtInfo'>]数据
已经处理[252000]条[<class 'dao.models.DomDianpingRestairamtInfo'>]数据
已经处理[253000]条[<class 'dao.models.DomDianpingRestairamtInfo'>]数据
已经处理[254000]条[<class 'dao.models.DomDianpingRestairamtInfo'>]数据
已经处理[255000]条[<class 'dao.models.DomDianpingRestairamtInfo'>]数据
已经处理[256000]条[<class 'dao.models.DomDianpingRestairamtInfo'>]数据
已经处理[257000]条[<class 'dao.models.DomDianpingRestairamtInfo'>]数据
已经处理[258000]条[<class 'dao.models.DomDianpingRestairamtInfo'>]数据
已经处理[259000]条[<class 'dao.models.DomDianpingRestairamtInfo'>]数据
已经处理[260000]条[<class 'dao.models.DomDianpingRestairamtInfo'>]数据
已经处理[261000]条[<class 'dao.models.DomDianpingRestairamtInfo'>]数据
已经处理[262000]条[<class 'dao.models.DomDianpingRestairamtInfo'>]数据
已经处理[263000]条[<class 'dao.models.DomDianpingRestairamtInfo'>]数据
已经处理[264000]条[<class 'dao.models.DomDianpingRestairamtInfo'>]数据
已经处理[265000]条[<class 'dao.models.DomDianpingRestairamtInfo'>]数据
已经处理[266000]条[<class 'dao.models.DomDianpingRestairamtInfo'>]数据
已经处理[267000]条[<class 'dao.models.DomDianpingRestairamtInfo'>]数据
已经处理[268000]条[<class 'dao.models.DomDianpingRestairamtInfo'>]数据
已经处理[269000]条[<class 'dao.models.DomDianpingRestairamtInfo'>]数据
已经处理[270000]条[<class 'dao.models.DomDianpingRestairamtInfo'>]数据
已经处理[271000]条[<class 'dao.models.DomDianpingRestairamtInfo'>]数据
已经处理[272000]条[<class 'dao.models.DomDianpingRestairamtInfo'>]数据
已经处理[273000]条[<class 'dao.models.DomDianpingRestairamtInfo'>]数据
已经处理[274000]条[<class 'dao.models.DomDianpingRestairamtInfo'>]数据
已经处理[275000]条[<class 'dao.models.DomDianpingRestairamtInfo'>]数据
已经处理[276000]条[<class 'dao.models.DomDianpingRestairamtInfo'>]数据
已经处理[277000]条[<class 'dao.models.DomDianpingRestairamtInfo'>]数据
已经处理[278000]条[<class 'dao.models.DomDianpingRestairamtInfo'>]数据
已经处理[279000]条[<class 'dao.models.DomDianpingRestairamtInfo'>]数据
已经处理[280000]条[<class 'dao.models.DomDianpingRestairamtInfo'>]数据
已经处理[281000]条[<class 'dao.models.DomDianpingRestairamtInfo'>]数据
已经处理[282000]条[<class 'dao.models.DomDianpingRestairamtInfo'>]数据
已经处理[283000]条[<class 'dao.models.DomDianpingRestairamtInfo'>]数据
已经处理[284000]条[<class 'dao.models.DomDianpingRestairamtInfo'>]数据
已经处理[285000]条[<class 'dao.models.DomDianpingRestairamtInfo'>]数据
已经处理[286000]条[<class 'dao.models.DomDianpingRestairamtInfo'>]数据
已经处理[287000]条[<class 'dao.models.DomDianpingRestairamtInfo'>]数据
已经处理[288000]条[<class 'dao.models.DomDianpingRestairamtInfo'>]数据
已经处理[289000]条[<class 'dao.models.DomDianpingRestairamtInfo'>]数据
已经处理[290000]条[<class 'dao.models.DomDianpingRestairamtInfo'>]数据
已经处理[291000]条[<class 'dao.models.DomDianpingRestairamtInfo'>]数据
已经处理[292000]条[<class 'dao.models.DomDianpingRestairamtInfo'>]数据
已经处理[293000]条[<class 'dao.models.DomDianpingRestairamtInfo'>]数据
已经处理[294000]条[<class 'dao.models.DomDianpingRestairamtInfo'>]数据
已经处理[295000]条[<class 'dao.models.DomDianpingRestairamtInfo'>]数据
已经处理[296000]条[<class 'dao.models.DomDianpingRestairamtInfo'>]数据
已经处理[297000]条[<class 'dao.models.DomDianpingRestairamtInfo'>]数据
已经处理[298000]条[<class 'dao.models.DomDianpingRestairamtInfo'>]数据
已经处理[299000]条[<class 'dao.models.DomDianpingRestairamtInfo'>]数据
已经处理[300000]条[<class 'dao.models.DomDianpingRestairamtInfo'>]数据
已经处理[301000]条[<class 'dao.models.DomDianpingRestairamtInfo'>]数据
已经处理[302000]条[<class 'dao.models.DomDianpingRestairamtInfo'>]数据
已经处理[303000]条[<class 'dao.models.DomDianpingRestairamtInfo'>]数据
已经处理[304000]条[<class 'dao.models.DomDianpingRestairamtInfo'>]数据
已经处理[305000]条[<class 'dao.models.DomDianpingRestairamtInfo'>]数据
已经处理[306000]条[<class 'dao.models.DomDianpingRestairamtInfo'>]数据
已经处理[307000]条[<class 'dao.models.DomDianpingRestairamtInfo'>]数据
已经处理[308000]条[<class 'dao.models.DomDianpingRestairamtInfo'>]数据
已经处理[309000]条[<class 'dao.models.DomDianpingRestairamtInfo'>]数据
已经处理[310000]条[<class 'dao.models.DomDianpingRestairamtInfo'>]数据
已经处理[311000]条[<class 'dao.models.DomDianpingRestairamtInfo'>]数据
已经处理[312000]条[<class 'dao.models.DomDianpingRestairamtInfo'>]数据
已经处理[313000]条[<class 'dao.models.DomDianpingRestairamtInfo'>]数据
已经处理[314000]条[<class 'dao.models.DomDianpingRestairamtInfo'>]数据
已经处理[315000]条[<class 'dao.models.DomDianpingRestairamtInfo'>]数据
已经处理[316000]条[<class 'dao.models.DomDianpingRestairamtInfo'>]数据
已经处理[317000]条[<class 'dao.models.DomDianpingRestairamtInfo'>]数据
已经处理[318000]条[<class 'dao.models.DomDianpingRestairamtInfo'>]数据
已经处理[319000]条[<class 'dao.models.DomDianpingRestairamtInfo'>]数据
已经处理[320000]条[<class 'dao.models.DomDianpingRestairamtInfo'>]数据
已经处理[321000]条[<class 'dao.models.DomDianpingRestairamtInfo'>]数据
已经处理[322000]条[<class 'dao.models.DomDianpingRestairamtInfo'>]数据
已经处理[323000]条[<class 'dao.models.DomDianpingRestairamtInfo'>]数据
已经处理[324000]条[<class 'dao.models.DomDianpingRestairamtInfo'>]数据
已经处理[325000]条[<class 'dao.models.DomDianpingRestairamtInfo'>]数据
已经处理[326000]条[<class 'dao.models.DomDianpingRestairamtInfo'>]数据
已经处理[327000]条[<class 'dao.models.DomDianpingRestairamtInfo'>]数据
已经处理[328000]条[<class 'dao.models.DomDianpingRestairamtInfo'>]数据
已经处理[329000]条[<class 'dao.models.DomDianpingRestairamtInfo'>]数据
已经处理[330000]条[<class 'dao.models.DomDianpingRestairamtInfo'>]数据
已经处理[331000]条[<class 'dao.models.DomDianpingRestairamtInfo'>]数据
已经处理[332000]条[<class 'dao.models.DomDianpingRestairamtInfo'>]数据
已经处理[333000]条[<class 'dao.models.DomDianpingRestairamtInfo'>]数据
已经处理[334000]条[<class 'dao.models.DomDianpingRestairamtInfo'>]数据
已经处理[335000]条[<class 'dao.models.DomDianpingRestairamtInfo'>]数据
已经处理[336000]条[<class 'dao.models.DomDianpingRestairamtInfo'>]数据
已经处理[337000]条[<class 'dao.models.DomDianpingRestairamtInfo'>]数据
已经处理[338000]条[<class 'dao.models.DomDianpingRestairamtInfo'>]数据
已经处理[339000]条[<class 'dao.models.DomDianpingRestairamtInfo'>]数据
已经处理[340000]条[<class 'dao.models.DomDianpingRestairamtInfo'>]数据
已经处理[341000]条[<class 'dao.models.DomDianpingRestairamtInfo'>]数据
已经处理[342000]条[<class 'dao.models.DomDianpingRestairamtInfo'>]数据
已经处理[343000]条[<class 'dao.models.DomDianpingRestairamtInfo'>]数据
已经处理[344000]条[<class 'dao.models.DomDianpingRestairamtInfo'>]数据
已经处理[345000]条[<class 'dao.models.DomDianpingRestairamtInfo'>]数据
已经处理[346000]条[<class 'dao.models.DomDianpingRestairamtInfo'>]数据
已经处理[347000]条[<class 'dao.models.DomDianpingRestairamtInfo'>]数据
已经处理[348000]条[<class 'dao.models.DomDianpingRestairamtInfo'>]数据
已经处理[349000]条[<class 'dao.models.DomDianpingRestairamtInfo'>]数据
已经处理[350000]条[<class 'dao.models.DomDianpingRestairamtInfo'>]数据
已经处理[351000]条[<class 'dao.models.DomDianpingRestairamtInfo'>]数据
已经处理[352000]条[<class 'dao.models.DomDianpingRestairamtInfo'>]数据
已经处理[353000]条[<class 'dao.models.DomDianpingRestairamtInfo'>]数据
已经处理[354000]条[<class 'dao.models.DomDianpingRestairamtInfo'>]数据
已经处理[355000]条[<class 'dao.models.DomDianpingRestairamtInfo'>]数据
已经处理[356000]条[<class 'dao.models.DomDianpingRestairamtInfo'>]数据
已经处理[357000]条[<class 'dao.models.DomDianpingRestairamtInfo'>]数据
已经处理[358000]条[<class 'dao.models.DomDianpingRestairamtInfo'>]数据
已经处理[359000]条[<class 'dao.models.DomDianpingRestairamtInfo'>]数据
已经处理[360000]条[<class 'dao.models.DomDianpingRestairamtInfo'>]数据
已经处理[361000]条[<class 'dao.models.DomDianpingRestairamtInfo'>]数据
已经处理[362000]条[<class 'dao.models.DomDianpingRestairamtInfo'>]数据
已经处理[363000]条[<class 'dao.models.DomDianpingRestairamtInfo'>]数据
已经处理[364000]条[<class 'dao.models.DomDianpingRestairamtInfo'>]数据
已经处理[365000]条[<class 'dao.models.DomDianpingRestairamtInfo'>]数据
已经处理[366000]条[<class 'dao.models.DomDianpingRestairamtInfo'>]数据
已经处理[367000]条[<class 'dao.models.DomDianpingRestairamtInfo'>]数据
已经处理[368000]条[<class 'dao.models.DomDianpingRestairamtInfo'>]数据
已经处理[369000]条[<class 'dao.models.DomDianpingRestairamtInfo'>]数据
已经处理[370000]条[<class 'dao.models.DomDianpingRestairamtInfo'>]数据
已经处理[371000]条[<class 'dao.models.DomDianpingRestairamtInfo'>]数据
已经处理[372000]条[<class 'dao.models.DomDianpingRestairamtInfo'>]数据
已经处理[373000]条[<class 'dao.models.DomDianpingRestairamtInfo'>]数据
已经处理[374000]条[<class 'dao.models.DomDianpingRestairamtInfo'>]数据
已经处理[375000]条[<class 'dao.models.DomDianpingRestairamtInfo'>]数据
已经处理[376000]条[<class 'dao.models.DomDianpingRestairamtInfo'>]数据
已经处理[377000]条[<class 'dao.models.DomDianpingRestairamtInfo'>]数据
已经处理[378000]条[<class 'dao.models.DomDianpingRestairamtInfo'>]数据
已经处理[379000]条[<class 'dao.models.DomDianpingRestairamtInfo'>]数据
已经处理[380000]条[<class 'dao.models.DomDianpingRestairamtInfo'>]数据
已经处理[381000]条[<class 'dao.models.DomDianpingRestairamtInfo'>]数据
已经处理[382000]条[<class 'dao.models.DomDianpingRestairamtInfo'>]数据
已经处理[383000]条[<class 'dao.models.DomDianpingRestairamtInfo'>]数据
已经处理[384000]条[<class 'dao.models.DomDianpingRestairamtInfo'>]数据
已经处理[385000]条[<class 'dao.models.DomDianpingRestairamtInfo'>]数据
已经处理[386000]条[<class 'dao.models.DomDianpingRestairamtInfo'>]数据
已经处理[387000]条[<class 'dao.models.DomDianpingRestairamtInfo'>]数据
已经处理[388000]条[<class 'dao.models.DomDianpingRestairamtInfo'>]数据
已经处理[389000]条[<class 'dao.models.DomDianpingRestairamtInfo'>]数据
已经处理[390000]条[<class 'dao.models.DomDianpingRestairamtInfo'>]数据
已经处理[391000]条[<class 'dao.models.DomDianpingRestairamtInfo'>]数据
已经处理[392000]条[<class 'dao.models.DomDianpingRestairamtInfo'>]数据
已经处理[393000]条[<class 'dao.models.DomDianpingRestairamtInfo'>]数据
已经处理[394000]条[<class 'dao.models.DomDianpingRestairamtInfo'>]数据
已经处理[395000]条[<class 'dao.models.DomDianpingRestairamtInfo'>]数据
已经处理[396000]条[<class 'dao.models.DomDianpingRestairamtInfo'>]数据
已经处理[397000]条[<class 'dao.models.DomDianpingRestairamtInfo'>]数据
已经处理[398000]条[<class 'dao.models.DomDianpingRestairamtInfo'>]数据
已经处理[399000]条[<class 'dao.models.DomDianpingRestairamtInfo'>]数据
已经处理[400000]条[<class 'dao.models.DomDianpingRestairamtInfo'>]数据
已经处理[401000]条[<class 'dao.models.DomDianpingRestairamtInfo'>]数据
已经处理[402000]条[<class 'dao.models.DomDianpingRestairamtInfo'>]数据
已经处理[403000]条[<class 'dao.models.DomDianpingRestairamtInfo'>]数据
已经处理[404000]条[<class 'dao.models.DomDianpingRestairamtInfo'>]数据
已经处理[405000]条[<class 'dao.models.DomDianpingRestairamtInfo'>]数据
已经处理所有[<class 'dao.models.DomDianpingRestairamtInfo'>]数据共[405496]条
{'count': 300003, 'eleme_address': 0.9977433558997744, 'eleme_longitude': 0.9889467771988947, 'eleme_latitude': 0.9889467771988947, 'eleme_logo_hash': 0.8971910280897191, 'eleme_name': 0.9999766668999976, 'eleme_branch_name': 6.999930000699993e-05, 'eleme_is_value': 1.0, 'eleme_phone': 0.995730042699573, 'eleme_id': 1.0}
{'baidu_is_value': 1.0, 'count': 269640, 'baidu_name': 1.0, 'baidu_id': 1.0, 'baidu_address': 1.0, 'baidu_latitude': 1.0, 'baidu_phone': 1.0, 'baidu_logo_hash': 0.5942664293131583, 'baidu_longitude': 1.0, 'baidu_branch_name': 0.6753078178311823}
{'meituan_longitude': 0.9997597505928507, 'count': 353799, 'meituan_latitude': 0.9981769309692792, 'meituan_logo_hash': 0.9985952475840802, 'meituan_id': 1.0, 'meituan_address': 0.9997484447383966, 'meituan_branch_name': 0.3305916636282183, 'meituan_name': 0.9994544925225906, 'meituan_is_value': 1.0, 'meituan_phone': 0.9997569241292372}
{'count': 405496, 'dianping_name': 0.9999950677688559, 'dianping_id': 1.0, 'dianping_phone': 0.6718315347130428, 'dianping_branch_name': 0.2362094817211514, 'dianping_is_value': 1.0, 'dianping_longitude': 0.9987299504803994, 'dianping_address': 0.9999950677688559, 'dianping_latitude': 0.9973785191469213, 'dianping_logo_hash': 0.894709195651745}
